C51 COMPILER V9.54   MAIN                                                                  10/26/2022 17:10:19 PAGE 1   


C51 COMPILER V9.54, COMPILATION OF MODULE MAIN
OBJECT MODULE PLACED IN .\Objects\main.obj
COMPILER INVOKED BY: D:\filegame\keil\C51\BIN\C51.EXE main.c OPTIMIZE(8,SPEED) BROWSE INCDIR(.\Library;D:\filegame\keil\
                    -C51\INC\STC;D:\filegame\keil\C51\INC\User;..\key_power) DEBUG OBJECTEXTEND LISTINCLUDE NOCOND PRINT(.\Listings\main.lst)
                    - OBJECT(.\Objects\main.obj)

line level    source

   1          
   2          #include "intrins.h"
   1      =1  /*--------------------------------------------------------------------------
   2      =1  INTRINS.H
   3      =1  
   4      =1  Intrinsic functions for C51.
   5      =1  Copyright (c) 1988-2010 Keil Elektronik GmbH and ARM Germany GmbH
   6      =1  All rights reserved.
   7      =1  --------------------------------------------------------------------------*/
   8      =1  
   9      =1  #ifndef __INTRINS_H__
  10      =1  #define __INTRINS_H__
  11      =1  
  12      =1  #pragma SAVE
  13      =1  
  14      =1  #if defined (__CX2__)
  18      =1  
  19      =1  extern void          _nop_     (void);
  20      =1  extern bit           _testbit_ (bit);
  21      =1  extern unsigned char _cror_    (unsigned char, unsigned char);
  22      =1  extern unsigned int  _iror_    (unsigned int,  unsigned char);
  23      =1  extern unsigned long _lror_    (unsigned long, unsigned char);
  24      =1  extern unsigned char _crol_    (unsigned char, unsigned char);
  25      =1  extern unsigned int  _irol_    (unsigned int,  unsigned char);
  26      =1  extern unsigned long _lrol_    (unsigned long, unsigned char);
  27      =1  extern unsigned char _chkfloat_(float);
  28      =1  #if defined (__CX2__)
  32      =1  #if !defined (__CX2__)
  33      =1  extern void          _push_    (unsigned char _sfr);
  34      =1  extern void          _pop_     (unsigned char _sfr);
  35      =1  #endif
  36      =1  
  37      =1  #pragma RESTORE
  38      =1  
  39      =1  #endif
  40      =1  
   3          #include "EncoderEC11.h"
   1      =1  //---->>>>----文件描述：EC11旋转编码器底层驱动程序---<<<<----//
   2      =1  //---->>>>----文件版本：V1.0----<<<<----//
   3      =1  #ifndef __EncoderEC11_H
   4      =1  #define __EncoderEC11_H
   5      =1   
   6      =1  #include    "config.H"
   1      =2  /* Automatically generated by configure - do not modify! */
   2      =2  #ifndef FFMPEG_CONFIG_H
   3      =2  #define FFMPEG_CONFIG_H
   4      =2  #define FFMPEG_CONFIGURATION "--target-os=linux --arch=mips32 --prefix=./android/mips --enable-cross-compi
             -le --extra-libs=-lgcc --cc=/Users/apple/Downloads/android-ndk-r8//toolchains/mipsel-linux-android-4.4.3/prebuilt/darwin-
             -x86/bin/mipsel-linux-android-gcc --cross-prefix=/Users/apple/Downloads/android-ndk-r8//toolchains/mipsel-linux-android-4
             -.4.3/prebuilt/darwin-x86/bin/mipsel-linux-android- --nm=/Users/apple/Downloads/android-ndk-r8//toolchains/mipsel-linux-a
             -ndroid-4.4.3/prebuilt/darwin-x86/bin/mipsel-linux-android-nm --sysroot=/Users/apple/Downloads/android-ndk-r8//platforms/
             -android-9/arch-mips/ --extra-cflags=' -O3 -DANDROID -DHAVE_SYS_UIO_H=1 -Dipv6mr_interface=ipv6mr_ifindex -fasm -Wno-psab
             -i -fno-short-enums -fno-strict-aliasing -finline-limit=300 -Wno-multichar -fno-exceptions -I/Users/apple/Downloads/dolph
C51 COMPILER V9.54   MAIN                                                                  10/26/2022 17:10:19 PAGE 2   

             -in_player/dolphin-player/p/jni/bzip2/' --enable-gpl --enable-version3 --disable-shared --enable-static --extra-ldflags='
             --Wl,-rpath-link=/Users/apple/Downloads/android-ndk-r8//platforms/android-9/arch-mips//usr/lib -L/Users/apple/Downloads/a
             -ndroid-ndk-r8//platforms/android-9/arch-mips//usr/lib -nostdlib -lc -lm -ldl -llog -L/Users/apple/Downloads/dolphin_play
             -er/dolphin-player/p/jni/bzip2/mips' --enable-parsers --enable-decoders --enable-demuxers --enable-network --enable-proto
             -cols --enable-protocol=file --enable-swscale --enable-swresample --enable-avformat --enable-avcodec --disable-ffmpeg --d
             -isable-ffplay --disable-ffprobe --disable-ffserver --disable-devices --disable-avdevice --disable-postproc --disable-avf
             -ilter --disable-swscale-alpha --disable-bsfs --disable-encoders --disable-muxers --disable-indevs --disable-debug --disa
             -ble-doc --disable-demuxer=srt --disable-demuxer=microdvd --disable-demuxer=jacosub --disable-demuxer=dts --disable-decod
             -er=ass --disable-decoder=srt --disable-decoder=microdvd --disable-decoder=jacosub --enable-bzlib --enable-zlib --enable-
             -pic --enable-optimizations --cpu=mips"
   5      =2  #define FFMPEG_LICENSE "GPL version 3 or later"
   6      =2  #define FFMPEG_DATADIR "./android/mips/share/ffmpeg"
   7      =2  #define AVCONV_DATADIR "./android/mips/share/ffmpeg"
   8      =2  #define CC_TYPE "gcc"
   9      =2  #define CC_VERSION __VERSION__
  10      =2  #define restrict restrict
  11      =2  #define EXTERN_PREFIX ""
  12      =2  #define EXTERN_ASM 
  13      =2  #define SLIBSUF ".so"
  14      =2  #define ARCH_ALPHA 0
  15      =2  #define ARCH_ARM 0
  16      =2  #define ARCH_AVR32 0
  17      =2  #define ARCH_AVR32_AP 0
  18      =2  #define ARCH_AVR32_UC 0
  19      =2  #define ARCH_BFIN 0
  20      =2  #define ARCH_IA64 0
  21      =2  #define ARCH_M68K 0
  22      =2  #define ARCH_MIPS 1
  23      =2  #define ARCH_MIPS64 0
  24      =2  #define ARCH_PARISC 0
  25      =2  #define ARCH_PPC 0
  26      =2  #define ARCH_PPC64 0
  27      =2  #define ARCH_S390 0
  28      =2  #define ARCH_SH4 0
  29      =2  #define ARCH_SPARC 0
  30      =2  #define ARCH_SPARC64 0
  31      =2  #define ARCH_TOMI 0
  32      =2  #define ARCH_X86 0
  33      =2  #define ARCH_X86_32 0
  34      =2  #define ARCH_X86_64 0
  35      =2  #define HAVE_ALTIVEC 0
  36      =2  #define HAVE_AMD3DNOW 0
  37      =2  #define HAVE_AMD3DNOWEXT 0
  38      =2  #define HAVE_ARMV5TE 0
  39      =2  #define HAVE_ARMV6 0
  40      =2  #define HAVE_ARMV6T2 0
  41      =2  #define HAVE_ARMVFP 0
  42      =2  #define HAVE_AVX 0
  43      =2  #define HAVE_MMI 0
  44      =2  #define HAVE_MMX 0
  45      =2  #define HAVE_MMX2 0
  46      =2  #define HAVE_NEON 0
  47      =2  #define HAVE_PPC4XX 0
  48      =2  #define HAVE_SSE 0
  49      =2  #define HAVE_SSSE3 0
  50      =2  #define HAVE_VFPV3 0
  51      =2  #define HAVE_VIS 0
  52      =2  #define HAVE_BIGENDIAN 0
  53      =2  #define HAVE_FAST_UNALIGNED 0
  54      =2  #define HAVE_PTHREADS 1
  55      =2  #define HAVE_W32THREADS 0
  56      =2  #define HAVE_OS2THREADS 0
C51 COMPILER V9.54   MAIN                                                                  10/26/2022 17:10:19 PAGE 3   

  57      =2  #define HAVE_ALIGNED_STACK 0
  58      =2  #define HAVE_ALSA_ASOUNDLIB_H 0
  59      =2  #define HAVE_ALTIVEC_H 0
  60      =2  #define HAVE_ARPA_INET_H 1
  61      =2  #define HAVE_ASM_MOD_Y 0
  62      =2  #define HAVE_ASM_TYPES_H 1
  63      =2  #define HAVE_ATTRIBUTE_MAY_ALIAS 1
  64      =2  #define HAVE_ATTRIBUTE_PACKED 1
  65      =2  #define HAVE_CBRTF 1
  66      =2  #define HAVE_CLOCK_GETTIME 1
  67      =2  #define HAVE_CLOSESOCKET 0
  68      =2  #define HAVE_CMOV 0
  69      =2  #define HAVE_DCBZL 0
  70      =2  #define HAVE_DEV_BKTR_IOCTL_BT848_H 0
  71      =2  #define HAVE_DEV_BKTR_IOCTL_METEOR_H 0
  72      =2  #define HAVE_DEV_IC_BT8XX_H 0
  73      =2  #define HAVE_DEV_VIDEO_BKTR_IOCTL_BT848_H 0
  74      =2  #define HAVE_DEV_VIDEO_METEOR_IOCTL_METEOR_H 0
  75      =2  #define HAVE_DLFCN_H 1
  76      =2  #define HAVE_DLOPEN 1
  77      =2  #define HAVE_DOS_PATHS 0
  78      =2  #define HAVE_EBP_AVAILABLE 0
  79      =2  #define HAVE_EBX_AVAILABLE 0
  80      =2  #define HAVE_EXP2 1
  81      =2  #define HAVE_EXP2F 1
  82      =2  #define HAVE_FAST_64BIT 0
  83      =2  #define HAVE_FAST_CLZ 0
  84      =2  #define HAVE_FAST_CMOV 0
  85      =2  #define HAVE_FCNTL 1
  86      =2  #define HAVE_FORK 1
  87      =2  #define HAVE_GETADDRINFO 1
  88      =2  #define HAVE_GETHRTIME 0
  89      =2  #define HAVE_GETPROCESSAFFINITYMASK 0
  90      =2  #define HAVE_GETPROCESSMEMORYINFO 0
  91      =2  #define HAVE_GETPROCESSTIMES 0
  92      =2  #define HAVE_GETRUSAGE 1
  93      =2  #define HAVE_GLOB 0
  94      =2  #define HAVE_GNU_AS 1
  95      =2  #define HAVE_IBM_ASM 0
  96      =2  #define HAVE_INET_ATON 1
  97      =2  #define HAVE_INLINE_ASM 1
  98      =2  #define HAVE_ISATTY 1
  99      =2  #define HAVE_KBHIT 0
 100      =2  #define HAVE_LDBRX 0
 101      =2  #define HAVE_LIBDC1394_1 0
 102      =2  #define HAVE_LIBDC1394_2 0
 103      =2  #define HAVE_LLRINT 1
 104      =2  #define HAVE_LLRINTF 1
 105      =2  #define HAVE_LOCAL_ALIGNED_16 0
 106      =2  #define HAVE_LOCAL_ALIGNED_8 0
 107      =2  #define HAVE_LOCALTIME_R 1
 108      =2  #define HAVE_LOG2 0
 109      =2  #define HAVE_LOG2F 0
 110      =2  #define HAVE_LOONGSON 0
 111      =2  #define HAVE_LRINT 1
 112      =2  #define HAVE_LRINTF 1
 113      =2  #define HAVE_LZO1X_999_COMPRESS 0
 114      =2  #define HAVE_MACHINE_IOCTL_BT848_H 0
 115      =2  #define HAVE_MACHINE_IOCTL_METEOR_H 0
 116      =2  #define HAVE_MAKEINFO 1
 117      =2  #define HAVE_MALLOC_H 1
 118      =2  #define HAVE_MAPVIEWOFFILE 0
C51 COMPILER V9.54   MAIN                                                                  10/26/2022 17:10:19 PAGE 4   

 119      =2  #define HAVE_MEMALIGN 1
 120      =2  #define HAVE_MKSTEMP 1
 121      =2  #define HAVE_MMAP 1
 122      =2  #define HAVE_NETINET_SCTP_H 0
 123      =2  #define HAVE_PEEKNAMEDPIPE 0
 124      =2  #define HAVE_POLL_H 1
 125      =2  #define HAVE_POSIX_MEMALIGN 0
 126      =2  #define HAVE_PTHREAD_CANCEL 0
 127      =2  #define HAVE_ROUND 1
 128      =2  #define HAVE_ROUNDF 1
 129      =2  #define HAVE_SCHED_GETAFFINITY 0
 130      =2  #define HAVE_SDL 0
 131      =2  #define HAVE_SDL_VIDEO_SIZE 0
 132      =2  #define HAVE_SETMODE 0
 133      =2  #define HAVE_SETRLIMIT 1
 134      =2  #define HAVE_SNDIO_H 0
 135      =2  #define HAVE_SOCKLEN_T 1
 136      =2  #define HAVE_SOUNDCARD_H 0
 137      =2  #define HAVE_STRERROR_R 1
 138      =2  #define HAVE_STRPTIME 1
 139      =2  #define HAVE_STRUCT_ADDRINFO 1
 140      =2  #define HAVE_STRUCT_IPV6_MREQ 1
 141      =2  #define HAVE_STRUCT_RUSAGE_RU_MAXRSS 1
 142      =2  #define HAVE_STRUCT_SOCKADDR_IN6 1
 143      =2  #define HAVE_STRUCT_SOCKADDR_SA_LEN 0
 144      =2  #define HAVE_STRUCT_SOCKADDR_STORAGE 1
 145      =2  #define HAVE_STRUCT_V4L2_FRMIVALENUM_DISCRETE 0
 146      =2  #define HAVE_SYMVER 1
 147      =2  #define HAVE_SYMVER_ASM_LABEL 0
 148      =2  #define HAVE_SYMVER_GNU_ASM 1
 149      =2  #define HAVE_SYSCONF 1
 150      =2  #define HAVE_SYSCTL 0
 151      =2  #define HAVE_SYS_MMAN_H 1
 152      =2  #define HAVE_SYS_PARAM_H 1
 153      =2  #define HAVE_SYS_RESOURCE_H 1
 154      =2  #define HAVE_SYS_SELECT_H 1
 155      =2  #define HAVE_SYS_SOUNDCARD_H 0
 156      =2  #define HAVE_SYS_VIDEOIO_H 0
 157      =2  #define HAVE_TERMIOS_H 1
 158      =2  #define HAVE_THREADS 1
 159      =2  #define HAVE_TRUNC 1
 160      =2  #define HAVE_TRUNCF 1
 161      =2  #define HAVE_VFP_ARGS 0
 162      =2  #define HAVE_VIRTUALALLOC 0
 163      =2  #define HAVE_WINSOCK2_H 0
 164      =2  #define HAVE_XFORM_ASM 0
 165      =2  #define HAVE_XMM_CLOBBERS 0
 166      =2  #define HAVE_YASM 0
 167      =2  #define CONFIG_BSFS 0
 168      =2  #define CONFIG_DECODERS 1
 169      =2  #define CONFIG_DEMUXERS 1
 170      =2  #define CONFIG_ENCODERS 0
 171      =2  #define CONFIG_FILTERS 1
 172      =2  #define CONFIG_HWACCELS 0
 173      =2  #define CONFIG_INDEVS 0
 174      =2  #define CONFIG_MUXERS 0
 175      =2  #define CONFIG_OUTDEVS 0
 176      =2  #define CONFIG_PARSERS 1
 177      =2  #define CONFIG_PROTOCOLS 1
 178      =2  #define CONFIG_FFPLAY 0
 179      =2  #define CONFIG_FFPROBE 0
 180      =2  #define CONFIG_FFSERVER 0
C51 COMPILER V9.54   MAIN                                                                  10/26/2022 17:10:19 PAGE 5   

 181      =2  #define CONFIG_FFMPEG 0
 182      =2  #define CONFIG_AC3DSP 1
 183      =2  #define CONFIG_AVCODEC 1
 184      =2  #define CONFIG_AVDEVICE 0
 185      =2  #define CONFIG_AVFILTER 0
 186      =2  #define CONFIG_AVFORMAT 1
 187      =2  #define CONFIG_AVRESAMPLE 0
 188      =2  #define CONFIG_AVISYNTH 0
 189      =2  #define CONFIG_BZLIB 1
 190      =2  #define CONFIG_CRYSTALHD 0
 191      =2  #define CONFIG_DCT 1
 192      =2  #define CONFIG_DOC 0
 193      =2  #define CONFIG_DWT 1
 194      =2  #define CONFIG_DXVA2 0
 195      =2  #define CONFIG_FASTDIV 1
 196      =2  #define CONFIG_FFT 1
 197      =2  #define CONFIG_FONTCONFIG 0
 198      =2  #define CONFIG_FREI0R 0
 199      =2  #define CONFIG_GNUTLS 0
 200      =2  #define CONFIG_GPL 1
 201      =2  #define CONFIG_GRAY 0
 202      =2  #define CONFIG_HARDCODED_TABLES 0
 203      =2  #define CONFIG_LIBAACPLUS 0
 204      =2  #define CONFIG_LIBASS 0
 205      =2  #define CONFIG_LIBBLURAY 0
 206      =2  #define CONFIG_LIBCDIO 0
 207      =2  #define CONFIG_LIBCELT 0
 208      =2  #define CONFIG_LIBDC1394 0
 209      =2  #define CONFIG_LIBFAAC 0
 210      =2  #define CONFIG_LIBFREETYPE 0
 211      =2  #define CONFIG_LIBGSM 0
 212      =2  #define CONFIG_LIBMODPLUG 0
 213      =2  #define CONFIG_LIBMP3LAME 0
 214      =2  #define CONFIG_LIBNUT 0
 215      =2  #define CONFIG_LIBOPENCORE_AMRNB 0
 216      =2  #define CONFIG_LIBOPENCORE_AMRWB 0
 217      =2  #define CONFIG_LIBOPENCV 0
 218      =2  #define CONFIG_LIBOPENJPEG 0
 219      =2  #define CONFIG_LIBPULSE 0
 220      =2  #define CONFIG_LIBRTMP 0
 221      =2  #define CONFIG_LIBSCHROEDINGER 0
 222      =2  #define CONFIG_LIBSPEEX 0
 223      =2  #define CONFIG_LIBSTAGEFRIGHT_H264 0
 224      =2  #define CONFIG_LIBTHEORA 0
 225      =2  #define CONFIG_LIBUTVIDEO 0
 226      =2  #define CONFIG_LIBV4L2 0
 227      =2  #define CONFIG_LIBVO_AACENC 0
 228      =2  #define CONFIG_LIBVO_AMRWBENC 0
 229      =2  #define CONFIG_LIBVORBIS 0
 230      =2  #define CONFIG_LIBVPX 0
 231      =2  #define CONFIG_LIBX264 0
 232      =2  #define CONFIG_LIBXAVS 0
 233      =2  #define CONFIG_LIBXVID 0
 234      =2  #define CONFIG_LSP 1
 235      =2  #define CONFIG_MDCT 1
 236      =2  #define CONFIG_MEMALIGN_HACK 0
 237      =2  #define CONFIG_MPEGAUDIODSP 1
 238      =2  #define CONFIG_NETWORK 1
 239      =2  #define CONFIG_NONFREE 0
 240      =2  #define CONFIG_OPENAL 0
 241      =2  #define CONFIG_OPENSSL 0
 242      =2  #define CONFIG_PIC 1
C51 COMPILER V9.54   MAIN                                                                  10/26/2022 17:10:19 PAGE 6   

 243      =2  #define CONFIG_POSTPROC 0
 244      =2  #define CONFIG_RDFT 1
 245      =2  #define CONFIG_RTPDEC 1
 246      =2  #define CONFIG_RUNTIME_CPUDETECT 0
 247      =2  #define CONFIG_SAFE_BITSTREAM_READER 1
 248      =2  #define CONFIG_SHARED 0
 249      =2  #define CONFIG_SINEWIN 1
 250      =2  #define CONFIG_SMALL 0
 251      =2  #define CONFIG_SRAM 0
 252      =2  #define CONFIG_STATIC 1
 253      =2  #define CONFIG_SWRESAMPLE 1
 254      =2  #define CONFIG_SWSCALE 1
 255      =2  #define CONFIG_SWSCALE_ALPHA 0
 256      =2  #define CONFIG_THUMB 0
 257      =2  #define CONFIG_VAAPI 0
 258      =2  #define CONFIG_VDA 0
 259      =2  #define CONFIG_VDPAU 0
 260      =2  #define CONFIG_VERSION3 1
 261      =2  #define CONFIG_XMM_CLOBBER_TEST 0
 262      =2  #define CONFIG_X11GRAB 0
 263      =2  #define CONFIG_ZLIB 1
 264      =2  #define CONFIG_AANDCT 1
 265      =2  #define CONFIG_AVUTIL 1
 266      =2  #define CONFIG_GOLOMB 1
 267      =2  #define CONFIG_GPLV3 1
 268      =2  #define CONFIG_H264CHROMA 1
 269      =2  #define CONFIG_H264DSP 1
 270      =2  #define CONFIG_H264PRED 1
 271      =2  #define CONFIG_H264QPEL 1
 272      =2  #define CONFIG_HUFFMAN 1
 273      =2  #define CONFIG_LGPLV3 0
 274      =2  #define CONFIG_LPC 0
 275      =2  #define CONFIG_AAC_ADTSTOASC_BSF 0
 276      =2  #define CONFIG_CHOMP_BSF 0
 277      =2  #define CONFIG_DUMP_EXTRADATA_BSF 0
 278      =2  #define CONFIG_H264_MP4TOANNEXB_BSF 0
 279      =2  #define CONFIG_IMX_DUMP_HEADER_BSF 0
 280      =2  #define CONFIG_MJPEG2JPEG_BSF 0
 281      =2  #define CONFIG_MJPEGA_DUMP_HEADER_BSF 0
 282      =2  #define CONFIG_MP3_HEADER_COMPRESS_BSF 0
 283      =2  #define CONFIG_MP3_HEADER_DECOMPRESS_BSF 0
 284      =2  #define CONFIG_MOV2TEXTSUB_BSF 0
 285      =2  #define CONFIG_NOISE_BSF 0
 286      =2  #define CONFIG_REMOVE_EXTRADATA_BSF 0
 287      =2  #define CONFIG_TEXT2MOVSUB_BSF 0
 288      =2  #define CONFIG_AASC_DECODER 1
 289      =2  #define CONFIG_AMV_DECODER 1
 290      =2  #define CONFIG_ANM_DECODER 1
 291      =2  #define CONFIG_ANSI_DECODER 1
 292      =2  #define CONFIG_ASV1_DECODER 1
 293      =2  #define CONFIG_ASV2_DECODER 1
 294      =2  #define CONFIG_AURA_DECODER 1
 295      =2  #define CONFIG_AURA2_DECODER 1
 296      =2  #define CONFIG_AVRP_DECODER 1
 297      =2  #define CONFIG_AVS_DECODER 1
 298      =2  #define CONFIG_AVUI_DECODER 1
 299      =2  #define CONFIG_AYUV_DECODER 1
 300      =2  #define CONFIG_BETHSOFTVID_DECODER 1
 301      =2  #define CONFIG_BFI_DECODER 1
 302      =2  #define CONFIG_BINK_DECODER 1
 303      =2  #define CONFIG_BMP_DECODER 1
 304      =2  #define CONFIG_BMV_VIDEO_DECODER 1
C51 COMPILER V9.54   MAIN                                                                  10/26/2022 17:10:19 PAGE 7   

 305      =2  #define CONFIG_C93_DECODER 1
 306      =2  #define CONFIG_CAVS_DECODER 1
 307      =2  #define CONFIG_CDGRAPHICS_DECODER 1
 308      =2  #define CONFIG_CDXL_DECODER 1
 309      =2  #define CONFIG_CINEPAK_DECODER 1
 310      =2  #define CONFIG_CLJR_DECODER 1
 311      =2  #define CONFIG_CSCD_DECODER 1
 312      =2  #define CONFIG_CYUV_DECODER 1
 313      =2  #define CONFIG_DFA_DECODER 1
 314      =2  #define CONFIG_DIRAC_DECODER 1
 315      =2  #define CONFIG_DNXHD_DECODER 1
 316      =2  #define CONFIG_DPX_DECODER 1
 317      =2  #define CONFIG_DSICINVIDEO_DECODER 1
 318      =2  #define CONFIG_DVVIDEO_DECODER 1
 319      =2  #define CONFIG_DXA_DECODER 1
 320      =2  #define CONFIG_DXTORY_DECODER 1
 321      =2  #define CONFIG_EACMV_DECODER 1
 322      =2  #define CONFIG_EAMAD_DECODER 1
 323      =2  #define CONFIG_EATGQ_DECODER 1
 324      =2  #define CONFIG_EATGV_DECODER 1
 325      =2  #define CONFIG_EATQI_DECODER 1
 326      =2  #define CONFIG_EIGHTBPS_DECODER 1
 327      =2  #define CONFIG_EIGHTSVX_EXP_DECODER 1
 328      =2  #define CONFIG_EIGHTSVX_FIB_DECODER 1
 329      =2  #define CONFIG_ESCAPE124_DECODER 1
 330      =2  #define CONFIG_ESCAPE130_DECODER 1
 331      =2  #define CONFIG_EXR_DECODER 1
 332      =2  #define CONFIG_FFV1_DECODER 1
 333      =2  #define CONFIG_FFVHUFF_DECODER 1
 334      =2  #define CONFIG_FLASHSV_DECODER 1
 335      =2  #define CONFIG_FLASHSV2_DECODER 1
 336      =2  #define CONFIG_FLIC_DECODER 1
 337      =2  #define CONFIG_FLV_DECODER 1
 338      =2  #define CONFIG_FOURXM_DECODER 1
 339      =2  #define CONFIG_FRAPS_DECODER 1
 340      =2  #define CONFIG_FRWU_DECODER 1
 341      =2  #define CONFIG_GIF_DECODER 1
 342      =2  #define CONFIG_H261_DECODER 1
 343      =2  #define CONFIG_H263_DECODER 1
 344      =2  #define CONFIG_H263I_DECODER 1
 345      =2  #define CONFIG_H264_DECODER 1
 346      =2  #define CONFIG_H264_CRYSTALHD_DECODER 0
 347      =2  #define CONFIG_H264_VDPAU_DECODER 0
 348      =2  #define CONFIG_HUFFYUV_DECODER 1
 349      =2  #define CONFIG_IDCIN_DECODER 1
 350      =2  #define CONFIG_IFF_BYTERUN1_DECODER 1
 351      =2  #define CONFIG_IFF_ILBM_DECODER 1
 352      =2  #define CONFIG_INDEO2_DECODER 1
 353      =2  #define CONFIG_INDEO3_DECODER 1
 354      =2  #define CONFIG_INDEO4_DECODER 1
 355      =2  #define CONFIG_INDEO5_DECODER 1
 356      =2  #define CONFIG_INTERPLAY_VIDEO_DECODER 1
 357      =2  #define CONFIG_JPEG2000_DECODER 1
 358      =2  #define CONFIG_JPEGLS_DECODER 1
 359      =2  #define CONFIG_JV_DECODER 1
 360      =2  #define CONFIG_KGV1_DECODER 1
 361      =2  #define CONFIG_KMVC_DECODER 1
 362      =2  #define CONFIG_LAGARITH_DECODER 1
 363      =2  #define CONFIG_LOCO_DECODER 1
 364      =2  #define CONFIG_MDEC_DECODER 1
 365      =2  #define CONFIG_MIMIC_DECODER 1
 366      =2  #define CONFIG_MJPEG_DECODER 1
C51 COMPILER V9.54   MAIN                                                                  10/26/2022 17:10:19 PAGE 8   

 367      =2  #define CONFIG_MJPEGB_DECODER 1
 368      =2  #define CONFIG_MMVIDEO_DECODER 1
 369      =2  #define CONFIG_MOTIONPIXELS_DECODER 1
 370      =2  #define CONFIG_MPEG_XVMC_DECODER 0
 371      =2  #define CONFIG_MPEG1VIDEO_DECODER 1
 372      =2  #define CONFIG_MPEG2VIDEO_DECODER 1
 373      =2  #define CONFIG_MPEG4_DECODER 1
 374      =2  #define CONFIG_MPEG4_CRYSTALHD_DECODER 0
 375      =2  #define CONFIG_MPEG4_VDPAU_DECODER 0
 376      =2  #define CONFIG_MPEGVIDEO_DECODER 1
 377      =2  #define CONFIG_MPEG_VDPAU_DECODER 0
 378      =2  #define CONFIG_MPEG1_VDPAU_DECODER 0
 379      =2  #define CONFIG_MPEG2_CRYSTALHD_DECODER 0
 380      =2  #define CONFIG_MSMPEG4_CRYSTALHD_DECODER 0
 381      =2  #define CONFIG_MSMPEG4V1_DECODER 1
 382      =2  #define CONFIG_MSMPEG4V2_DECODER 1
 383      =2  #define CONFIG_MSMPEG4V3_DECODER 1
 384      =2  #define CONFIG_MSRLE_DECODER 1
 385      =2  #define CONFIG_MSVIDEO1_DECODER 1
 386      =2  #define CONFIG_MSZH_DECODER 1
 387      =2  #define CONFIG_MXPEG_DECODER 1
 388      =2  #define CONFIG_NUV_DECODER 1
 389      =2  #define CONFIG_PAM_DECODER 1
 390      =2  #define CONFIG_PBM_DECODER 1
 391      =2  #define CONFIG_PCX_DECODER 1
 392      =2  #define CONFIG_PGM_DECODER 1
 393      =2  #define CONFIG_PGMYUV_DECODER 1
 394      =2  #define CONFIG_PICTOR_DECODER 1
 395      =2  #define CONFIG_PNG_DECODER 1
 396      =2  #define CONFIG_PPM_DECODER 1
 397      =2  #define CONFIG_PRORES_DECODER 1
 398      =2  #define CONFIG_PRORES_LGPL_DECODER 1
 399      =2  #define CONFIG_PTX_DECODER 1
 400      =2  #define CONFIG_QDRAW_DECODER 1
 401      =2  #define CONFIG_QPEG_DECODER 1
 402      =2  #define CONFIG_QTRLE_DECODER 1
 403      =2  #define CONFIG_R10K_DECODER 1
 404      =2  #define CONFIG_R210_DECODER 1
 405      =2  #define CONFIG_RAWVIDEO_DECODER 1
 406      =2  #define CONFIG_RL2_DECODER 1
 407      =2  #define CONFIG_ROQ_DECODER 1
 408      =2  #define CONFIG_RPZA_DECODER 1
 409      =2  #define CONFIG_RV10_DECODER 1
 410      =2  #define CONFIG_RV20_DECODER 1
 411      =2  #define CONFIG_RV30_DECODER 1
 412      =2  #define CONFIG_RV40_DECODER 1
 413      =2  #define CONFIG_S302M_DECODER 1
 414      =2  #define CONFIG_SGI_DECODER 1
 415      =2  #define CONFIG_SMACKER_DECODER 1
 416      =2  #define CONFIG_SMC_DECODER 1
 417      =2  #define CONFIG_SNOW_DECODER 1
 418      =2  #define CONFIG_SP5X_DECODER 1
 419      =2  #define CONFIG_SUNRAST_DECODER 1
 420      =2  #define CONFIG_SVQ1_DECODER 1
 421      =2  #define CONFIG_SVQ3_DECODER 1
 422      =2  #define CONFIG_TARGA_DECODER 1
 423      =2  #define CONFIG_THEORA_DECODER 1
 424      =2  #define CONFIG_THP_DECODER 1
 425      =2  #define CONFIG_TIERTEXSEQVIDEO_DECODER 1
 426      =2  #define CONFIG_TIFF_DECODER 1
 427      =2  #define CONFIG_TMV_DECODER 1
 428      =2  #define CONFIG_TRUEMOTION1_DECODER 1
C51 COMPILER V9.54   MAIN                                                                  10/26/2022 17:10:19 PAGE 9   

 429      =2  #define CONFIG_TRUEMOTION2_DECODER 1
 430      =2  #define CONFIG_TSCC_DECODER 1
 431      =2  #define CONFIG_TXD_DECODER 1
 432      =2  #define CONFIG_ULTI_DECODER 1
 433      =2  #define CONFIG_UTVIDEO_DECODER 1
 434      =2  #define CONFIG_V210_DECODER 1
 435      =2  #define CONFIG_V210X_DECODER 1
 436      =2  #define CONFIG_V308_DECODER 1
 437      =2  #define CONFIG_V408_DECODER 1
 438      =2  #define CONFIG_V410_DECODER 1
 439      =2  #define CONFIG_VB_DECODER 1
 440      =2  #define CONFIG_VBLE_DECODER 1
 441      =2  #define CONFIG_VC1_DECODER 1
 442      =2  #define CONFIG_VC1_CRYSTALHD_DECODER 0
 443      =2  #define CONFIG_VC1_VDPAU_DECODER 0
 444      =2  #define CONFIG_VC1IMAGE_DECODER 1
 445      =2  #define CONFIG_VCR1_DECODER 1
 446      =2  #define CONFIG_VMDVIDEO_DECODER 1
 447      =2  #define CONFIG_VMNC_DECODER 1
 448      =2  #define CONFIG_VP3_DECODER 1
 449      =2  #define CONFIG_VP5_DECODER 1
 450      =2  #define CONFIG_VP6_DECODER 1
 451      =2  #define CONFIG_VP6A_DECODER 1
 452      =2  #define CONFIG_VP6F_DECODER 1
 453      =2  #define CONFIG_VP8_DECODER 1
 454      =2  #define CONFIG_VQA_DECODER 1
 455      =2  #define CONFIG_WMV1_DECODER 1
 456      =2  #define CONFIG_WMV2_DECODER 1
 457      =2  #define CONFIG_WMV3_DECODER 1
 458      =2  #define CONFIG_WMV3_CRYSTALHD_DECODER 0
 459      =2  #define CONFIG_WMV3_VDPAU_DECODER 0
 460      =2  #define CONFIG_WMV3IMAGE_DECODER 1
 461      =2  #define CONFIG_WNV1_DECODER 1
 462      =2  #define CONFIG_XAN_WC3_DECODER 1
 463      =2  #define CONFIG_XAN_WC4_DECODER 1
 464      =2  #define CONFIG_XBM_DECODER 1
 465      =2  #define CONFIG_XL_DECODER 1
 466      =2  #define CONFIG_XWD_DECODER 1
 467      =2  #define CONFIG_Y41P_DECODER 1
 468      =2  #define CONFIG_YOP_DECODER 1
 469      =2  #define CONFIG_YUV4_DECODER 1
 470      =2  #define CONFIG_ZEROCODEC_DECODER 1
 471      =2  #define CONFIG_ZLIB_DECODER 1
 472      =2  #define CONFIG_ZMBV_DECODER 1
 473      =2  #define CONFIG_AAC_DECODER 1
 474      =2  #define CONFIG_AAC_LATM_DECODER 1
 475      =2  #define CONFIG_AC3_DECODER 1
 476      =2  #define CONFIG_ALAC_DECODER 1
 477      =2  #define CONFIG_ALS_DECODER 1
 478      =2  #define CONFIG_AMRNB_DECODER 1
 479      =2  #define CONFIG_AMRWB_DECODER 1
 480      =2  #define CONFIG_APE_DECODER 1
 481      =2  #define CONFIG_ATRAC1_DECODER 1
 482      =2  #define CONFIG_ATRAC3_DECODER 1
 483      =2  #define CONFIG_BINKAUDIO_DCT_DECODER 1
 484      =2  #define CONFIG_BINKAUDIO_RDFT_DECODER 1
 485      =2  #define CONFIG_BMV_AUDIO_DECODER 1
 486      =2  #define CONFIG_COOK_DECODER 1
 487      =2  #define CONFIG_DCA_DECODER 1
 488      =2  #define CONFIG_DSICINAUDIO_DECODER 1
 489      =2  #define CONFIG_EAC3_DECODER 1
 490      =2  #define CONFIG_FFWAVESYNTH_DECODER 1
C51 COMPILER V9.54   MAIN                                                                  10/26/2022 17:10:19 PAGE 10  

 491      =2  #define CONFIG_FLAC_DECODER 1
 492      =2  #define CONFIG_G723_1_DECODER 1
 493      =2  #define CONFIG_G729_DECODER 1
 494      =2  #define CONFIG_GSM_DECODER 1
 495      =2  #define CONFIG_GSM_MS_DECODER 1
 496      =2  #define CONFIG_IMC_DECODER 1
 497      =2  #define CONFIG_MACE3_DECODER 1
 498      =2  #define CONFIG_MACE6_DECODER 1
 499      =2  #define CONFIG_MLP_DECODER 1
 500      =2  #define CONFIG_MP1_DECODER 1
 501      =2  #define CONFIG_MP1FLOAT_DECODER 1
 502      =2  #define CONFIG_MP2_DECODER 1
 503      =2  #define CONFIG_MP2FLOAT_DECODER 1
 504      =2  #define CONFIG_MP3_DECODER 1
 505      =2  #define CONFIG_MP3FLOAT_DECODER 1
 506      =2  #define CONFIG_MP3ADU_DECODER 1
 507      =2  #define CONFIG_MP3ADUFLOAT_DECODER 1
 508      =2  #define CONFIG_MP3ON4_DECODER 1
 509      =2  #define CONFIG_MP3ON4FLOAT_DECODER 1
 510      =2  #define CONFIG_MPC7_DECODER 1
 511      =2  #define CONFIG_MPC8_DECODER 1
 512      =2  #define CONFIG_NELLYMOSER_DECODER 1
 513      =2  #define CONFIG_QCELP_DECODER 1
 514      =2  #define CONFIG_QDM2_DECODER 1
 515      =2  #define CONFIG_RA_144_DECODER 1
 516      =2  #define CONFIG_RA_288_DECODER 1
 517      =2  #define CONFIG_RALF_DECODER 1
 518      =2  #define CONFIG_SHORTEN_DECODER 1
 519      =2  #define CONFIG_SIPR_DECODER 1
 520      =2  #define CONFIG_SMACKAUD_DECODER 1
 521      =2  #define CONFIG_SONIC_DECODER 1
 522      =2  #define CONFIG_TRUEHD_DECODER 1
 523      =2  #define CONFIG_TRUESPEECH_DECODER 1
 524      =2  #define CONFIG_TTA_DECODER 1
 525      =2  #define CONFIG_TWINVQ_DECODER 1
 526      =2  #define CONFIG_VMDAUDIO_DECODER 1
 527      =2  #define CONFIG_VORBIS_DECODER 1
 528      =2  #define CONFIG_WAVPACK_DECODER 1
 529      =2  #define CONFIG_WMALOSSLESS_DECODER 1
 530      =2  #define CONFIG_WMAPRO_DECODER 1
 531      =2  #define CONFIG_WMAV1_DECODER 1
 532      =2  #define CONFIG_WMAV2_DECODER 1
 533      =2  #define CONFIG_WMAVOICE_DECODER 1
 534      =2  #define CONFIG_WS_SND1_DECODER 1
 535      =2  #define CONFIG_PCM_ALAW_DECODER 1
 536      =2  #define CONFIG_PCM_BLURAY_DECODER 1
 537      =2  #define CONFIG_PCM_DVD_DECODER 1
 538      =2  #define CONFIG_PCM_F32BE_DECODER 1
 539      =2  #define CONFIG_PCM_F32LE_DECODER 1
 540      =2  #define CONFIG_PCM_F64BE_DECODER 1
 541      =2  #define CONFIG_PCM_F64LE_DECODER 1
 542      =2  #define CONFIG_PCM_LXF_DECODER 1
 543      =2  #define CONFIG_PCM_MULAW_DECODER 1
 544      =2  #define CONFIG_PCM_S8_DECODER 1
 545      =2  #define CONFIG_PCM_S8_PLANAR_DECODER 1
 546      =2  #define CONFIG_PCM_S16BE_DECODER 1
 547      =2  #define CONFIG_PCM_S16LE_DECODER 1
 548      =2  #define CONFIG_PCM_S16LE_PLANAR_DECODER 1
 549      =2  #define CONFIG_PCM_S24BE_DECODER 1
 550      =2  #define CONFIG_PCM_S24DAUD_DECODER 1
 551      =2  #define CONFIG_PCM_S24LE_DECODER 1
 552      =2  #define CONFIG_PCM_S32BE_DECODER 1
C51 COMPILER V9.54   MAIN                                                                  10/26/2022 17:10:19 PAGE 11  

 553      =2  #define CONFIG_PCM_S32LE_DECODER 1
 554      =2  #define CONFIG_PCM_U8_DECODER 1
 555      =2  #define CONFIG_PCM_U16BE_DECODER 1
 556      =2  #define CONFIG_PCM_U16LE_DECODER 1
 557      =2  #define CONFIG_PCM_U24BE_DECODER 1
 558      =2  #define CONFIG_PCM_U24LE_DECODER 1
 559      =2  #define CONFIG_PCM_U32BE_DECODER 1
 560      =2  #define CONFIG_PCM_U32LE_DECODER 1
 561      =2  #define CONFIG_PCM_ZORK_DECODER 1
 562      =2  #define CONFIG_INTERPLAY_DPCM_DECODER 1
 563      =2  #define CONFIG_ROQ_DPCM_DECODER 1
 564      =2  #define CONFIG_SOL_DPCM_DECODER 1
 565      =2  #define CONFIG_XAN_DPCM_DECODER 1
 566      =2  #define CONFIG_ADPCM_4XM_DECODER 1
 567      =2  #define CONFIG_ADPCM_ADX_DECODER 1
 568      =2  #define CONFIG_ADPCM_CT_DECODER 1
 569      =2  #define CONFIG_ADPCM_EA_DECODER 1
 570      =2  #define CONFIG_ADPCM_EA_MAXIS_XA_DECODER 1
 571      =2  #define CONFIG_ADPCM_EA_R1_DECODER 1
 572      =2  #define CONFIG_ADPCM_EA_R2_DECODER 1
 573      =2  #define CONFIG_ADPCM_EA_R3_DECODER 1
 574      =2  #define CONFIG_ADPCM_EA_XAS_DECODER 1
 575      =2  #define CONFIG_ADPCM_G722_DECODER 1
 576      =2  #define CONFIG_ADPCM_G726_DECODER 1
 577      =2  #define CONFIG_ADPCM_IMA_AMV_DECODER 1
 578      =2  #define CONFIG_ADPCM_IMA_APC_DECODER 1
 579      =2  #define CONFIG_ADPCM_IMA_DK3_DECODER 1
 580      =2  #define CONFIG_ADPCM_IMA_DK4_DECODER 1
 581      =2  #define CONFIG_ADPCM_IMA_EA_EACS_DECODER 1
 582      =2  #define CONFIG_ADPCM_IMA_EA_SEAD_DECODER 1
 583      =2  #define CONFIG_ADPCM_IMA_ISS_DECODER 1
 584      =2  #define CONFIG_ADPCM_IMA_QT_DECODER 1
 585      =2  #define CONFIG_ADPCM_IMA_SMJPEG_DECODER 1
 586      =2  #define CONFIG_ADPCM_IMA_WAV_DECODER 1
 587      =2  #define CONFIG_ADPCM_IMA_WS_DECODER 1
 588      =2  #define CONFIG_ADPCM_MS_DECODER 1
 589      =2  #define CONFIG_ADPCM_SBPRO_2_DECODER 1
 590      =2  #define CONFIG_ADPCM_SBPRO_3_DECODER 1
 591      =2  #define CONFIG_ADPCM_SBPRO_4_DECODER 1
 592      =2  #define CONFIG_ADPCM_SWF_DECODER 1
 593      =2  #define CONFIG_ADPCM_THP_DECODER 1
 594      =2  #define CONFIG_ADPCM_XA_DECODER 1
 595      =2  #define CONFIG_ADPCM_YAMAHA_DECODER 1
 596      =2  #define CONFIG_ASS_DECODER 0
 597      =2  #define CONFIG_DVBSUB_DECODER 1
 598      =2  #define CONFIG_DVDSUB_DECODER 1
 599      =2  #define CONFIG_JACOSUB_DECODER 0
 600      =2  #define CONFIG_MICRODVD_DECODER 0
 601      =2  #define CONFIG_PGSSUB_DECODER 1
 602      =2  #define CONFIG_SRT_DECODER 0
 603      =2  #define CONFIG_XSUB_DECODER 1
 604      =2  #define CONFIG_LIBCELT_DECODER 0
 605      =2  #define CONFIG_LIBGSM_DECODER 0
 606      =2  #define CONFIG_LIBGSM_MS_DECODER 0
 607      =2  #define CONFIG_LIBOPENCORE_AMRNB_DECODER 0
 608      =2  #define CONFIG_LIBOPENCORE_AMRWB_DECODER 0
 609      =2  #define CONFIG_LIBOPENJPEG_DECODER 0
 610      =2  #define CONFIG_LIBSCHROEDINGER_DECODER 0
 611      =2  #define CONFIG_LIBSPEEX_DECODER 0
 612      =2  #define CONFIG_LIBSTAGEFRIGHT_H264_DECODER 0
 613      =2  #define CONFIG_LIBUTVIDEO_DECODER 0
 614      =2  #define CONFIG_LIBVORBIS_DECODER 0
C51 COMPILER V9.54   MAIN                                                                  10/26/2022 17:10:19 PAGE 12  

 615      =2  #define CONFIG_LIBVPX_DECODER 0
 616      =2  #define CONFIG_BINTEXT_DECODER 1
 617      =2  #define CONFIG_XBIN_DECODER 1
 618      =2  #define CONFIG_IDF_DECODER 1
 619      =2  #define CONFIG_AAC_DEMUXER 1
 620      =2  #define CONFIG_AC3_DEMUXER 1
 621      =2  #define CONFIG_ACT_DEMUXER 1
 622      =2  #define CONFIG_ADF_DEMUXER 1
 623      =2  #define CONFIG_ADX_DEMUXER 1
 624      =2  #define CONFIG_AEA_DEMUXER 1
 625      =2  #define CONFIG_AIFF_DEMUXER 1
 626      =2  #define CONFIG_AMR_DEMUXER 1
 627      =2  #define CONFIG_ANM_DEMUXER 1
 628      =2  #define CONFIG_APC_DEMUXER 1
 629      =2  #define CONFIG_APE_DEMUXER 1
 630      =2  #define CONFIG_ASF_DEMUXER 1
 631      =2  #define CONFIG_ASS_DEMUXER 1
 632      =2  #define CONFIG_AU_DEMUXER 1
 633      =2  #define CONFIG_AVI_DEMUXER 1
 634      =2  #define CONFIG_AVISYNTH_DEMUXER 0
 635      =2  #define CONFIG_AVS_DEMUXER 1
 636      =2  #define CONFIG_BETHSOFTVID_DEMUXER 1
 637      =2  #define CONFIG_BFI_DEMUXER 1
 638      =2  #define CONFIG_BINTEXT_DEMUXER 1
 639      =2  #define CONFIG_BINK_DEMUXER 1
 640      =2  #define CONFIG_BIT_DEMUXER 1
 641      =2  #define CONFIG_BMV_DEMUXER 1
 642      =2  #define CONFIG_C93_DEMUXER 1
 643      =2  #define CONFIG_CAF_DEMUXER 1
 644      =2  #define CONFIG_CAVSVIDEO_DEMUXER 1
 645      =2  #define CONFIG_CDG_DEMUXER 1
 646      =2  #define CONFIG_CDXL_DEMUXER 1
 647      =2  #define CONFIG_DAUD_DEMUXER 1
 648      =2  #define CONFIG_DFA_DEMUXER 1
 649      =2  #define CONFIG_DIRAC_DEMUXER 1
 650      =2  #define CONFIG_DNXHD_DEMUXER 1
 651      =2  #define CONFIG_DSICIN_DEMUXER 1
 652      =2  #define CONFIG_DTS_DEMUXER 0
 653      =2  #define CONFIG_DV_DEMUXER 1
 654      =2  #define CONFIG_DXA_DEMUXER 1
 655      =2  #define CONFIG_EA_DEMUXER 1
 656      =2  #define CONFIG_EA_CDATA_DEMUXER 1
 657      =2  #define CONFIG_EAC3_DEMUXER 1
 658      =2  #define CONFIG_FFM_DEMUXER 1
 659      =2  #define CONFIG_FFMETADATA_DEMUXER 1
 660      =2  #define CONFIG_FILMSTRIP_DEMUXER 1
 661      =2  #define CONFIG_FLAC_DEMUXER 1
 662      =2  #define CONFIG_FLIC_DEMUXER 1
 663      =2  #define CONFIG_FLV_DEMUXER 1
 664      =2  #define CONFIG_FOURXM_DEMUXER 1
 665      =2  #define CONFIG_G722_DEMUXER 1
 666      =2  #define CONFIG_G723_1_DEMUXER 1
 667      =2  #define CONFIG_G729_DEMUXER 1
 668      =2  #define CONFIG_GSM_DEMUXER 1
 669      =2  #define CONFIG_GXF_DEMUXER 1
 670      =2  #define CONFIG_H261_DEMUXER 1
 671      =2  #define CONFIG_H263_DEMUXER 1
 672      =2  #define CONFIG_H264_DEMUXER 1
 673      =2  #define CONFIG_HLS_DEMUXER 1
 674      =2  #define CONFIG_ICO_DEMUXER 1
 675      =2  #define CONFIG_IDCIN_DEMUXER 1
 676      =2  #define CONFIG_IDF_DEMUXER 1
C51 COMPILER V9.54   MAIN                                                                  10/26/2022 17:10:19 PAGE 13  

 677      =2  #define CONFIG_IFF_DEMUXER 1
 678      =2  #define CONFIG_IMAGE2_DEMUXER 1
 679      =2  #define CONFIG_IMAGE2PIPE_DEMUXER 1
 680      =2  #define CONFIG_INGENIENT_DEMUXER 1
 681      =2  #define CONFIG_IPMOVIE_DEMUXER 1
 682      =2  #define CONFIG_ISS_DEMUXER 1
 683      =2  #define CONFIG_IV8_DEMUXER 1
 684      =2  #define CONFIG_IVF_DEMUXER 1
 685      =2  #define CONFIG_JACOSUB_DEMUXER 0
 686      =2  #define CONFIG_JV_DEMUXER 1
 687      =2  #define CONFIG_LATM_DEMUXER 1
 688      =2  #define CONFIG_LMLM4_DEMUXER 1
 689      =2  #define CONFIG_LOAS_DEMUXER 1
 690      =2  #define CONFIG_LXF_DEMUXER 1
 691      =2  #define CONFIG_M4V_DEMUXER 1
 692      =2  #define CONFIG_MATROSKA_DEMUXER 1
 693      =2  #define CONFIG_MGSTS_DEMUXER 1
 694      =2  #define CONFIG_MICRODVD_DEMUXER 0
 695      =2  #define CONFIG_MJPEG_DEMUXER 1
 696      =2  #define CONFIG_MLP_DEMUXER 1
 697      =2  #define CONFIG_MM_DEMUXER 1
 698      =2  #define CONFIG_MMF_DEMUXER 1
 699      =2  #define CONFIG_MOV_DEMUXER 1
 700      =2  #define CONFIG_MP3_DEMUXER 1
 701      =2  #define CONFIG_MPC_DEMUXER 1
 702      =2  #define CONFIG_MPC8_DEMUXER 1
 703      =2  #define CONFIG_MPEGPS_DEMUXER 1
 704      =2  #define CONFIG_MPEGTS_DEMUXER 1
 705      =2  #define CONFIG_MPEGTSRAW_DEMUXER 1
 706      =2  #define CONFIG_MPEGVIDEO_DEMUXER 1
 707      =2  #define CONFIG_MSNWC_TCP_DEMUXER 1
 708      =2  #define CONFIG_MTV_DEMUXER 1
 709      =2  #define CONFIG_MVI_DEMUXER 1
 710      =2  #define CONFIG_MXF_DEMUXER 1
 711      =2  #define CONFIG_MXG_DEMUXER 1
 712      =2  #define CONFIG_NC_DEMUXER 1
 713      =2  #define CONFIG_NSV_DEMUXER 1
 714      =2  #define CONFIG_NUT_DEMUXER 1
 715      =2  #define CONFIG_NUV_DEMUXER 1
 716      =2  #define CONFIG_OGG_DEMUXER 1
 717      =2  #define CONFIG_OMA_DEMUXER 1
 718      =2  #define CONFIG_PCM_ALAW_DEMUXER 1
 719      =2  #define CONFIG_PCM_MULAW_DEMUXER 1
 720      =2  #define CONFIG_PCM_F64BE_DEMUXER 1
 721      =2  #define CONFIG_PCM_F64LE_DEMUXER 1
 722      =2  #define CONFIG_PCM_F32BE_DEMUXER 1
 723      =2  #define CONFIG_PCM_F32LE_DEMUXER 1
 724      =2  #define CONFIG_PCM_S32BE_DEMUXER 1
 725      =2  #define CONFIG_PCM_S32LE_DEMUXER 1
 726      =2  #define CONFIG_PCM_S24BE_DEMUXER 1
 727      =2  #define CONFIG_PCM_S24LE_DEMUXER 1
 728      =2  #define CONFIG_PCM_S16BE_DEMUXER 1
 729      =2  #define CONFIG_PCM_S16LE_DEMUXER 1
 730      =2  #define CONFIG_PCM_S8_DEMUXER 1
 731      =2  #define CONFIG_PCM_U32BE_DEMUXER 1
 732      =2  #define CONFIG_PCM_U32LE_DEMUXER 1
 733      =2  #define CONFIG_PCM_U24BE_DEMUXER 1
 734      =2  #define CONFIG_PCM_U24LE_DEMUXER 1
 735      =2  #define CONFIG_PCM_U16BE_DEMUXER 1
 736      =2  #define CONFIG_PCM_U16LE_DEMUXER 1
 737      =2  #define CONFIG_PCM_U8_DEMUXER 1
 738      =2  #define CONFIG_PMP_DEMUXER 1
C51 COMPILER V9.54   MAIN                                                                  10/26/2022 17:10:19 PAGE 14  

 739      =2  #define CONFIG_PVA_DEMUXER 1
 740      =2  #define CONFIG_QCP_DEMUXER 1
 741      =2  #define CONFIG_R3D_DEMUXER 1
 742      =2  #define CONFIG_RAWVIDEO_DEMUXER 1
 743      =2  #define CONFIG_RL2_DEMUXER 1
 744      =2  #define CONFIG_RM_DEMUXER 1
 745      =2  #define CONFIG_ROQ_DEMUXER 1
 746      =2  #define CONFIG_RPL_DEMUXER 1
 747      =2  #define CONFIG_RSO_DEMUXER 1
 748      =2  #define CONFIG_RTP_DEMUXER 1
 749      =2  #define CONFIG_RTSP_DEMUXER 1
 750      =2  #define CONFIG_SAP_DEMUXER 1
 751      =2  #define CONFIG_SBG_DEMUXER 1
 752      =2  #define CONFIG_SDP_DEMUXER 1
 753      =2  #define CONFIG_SEGAFILM_DEMUXER 1
 754      =2  #define CONFIG_SHORTEN_DEMUXER 1
 755      =2  #define CONFIG_SIFF_DEMUXER 1
 756      =2  #define CONFIG_SMACKER_DEMUXER 1
 757      =2  #define CONFIG_SMJPEG_DEMUXER 1
 758      =2  #define CONFIG_SOL_DEMUXER 1
 759      =2  #define CONFIG_SOX_DEMUXER 1
 760      =2  #define CONFIG_SPDIF_DEMUXER 1
 761      =2  #define CONFIG_SRT_DEMUXER 0
 762      =2  #define CONFIG_STR_DEMUXER 1
 763      =2  #define CONFIG_SWF_DEMUXER 1
 764      =2  #define CONFIG_THP_DEMUXER 1
 765      =2  #define CONFIG_TIERTEXSEQ_DEMUXER 1
 766      =2  #define CONFIG_TMV_DEMUXER 1
 767      =2  #define CONFIG_TRUEHD_DEMUXER 1
 768      =2  #define CONFIG_TTA_DEMUXER 1
 769      =2  #define CONFIG_TXD_DEMUXER 1
 770      =2  #define CONFIG_TTY_DEMUXER 1
 771      =2  #define CONFIG_VC1_DEMUXER 1
 772      =2  #define CONFIG_VC1T_DEMUXER 1
 773      =2  #define CONFIG_VMD_DEMUXER 1
 774      =2  #define CONFIG_VOC_DEMUXER 1
 775      =2  #define CONFIG_VQF_DEMUXER 1
 776      =2  #define CONFIG_W64_DEMUXER 1
 777      =2  #define CONFIG_WAV_DEMUXER 1
 778      =2  #define CONFIG_WC3_DEMUXER 1
 779      =2  #define CONFIG_WSAUD_DEMUXER 1
 780      =2  #define CONFIG_WSVQA_DEMUXER 1
 781      =2  #define CONFIG_WTV_DEMUXER 1
 782      =2  #define CONFIG_WV_DEMUXER 1
 783      =2  #define CONFIG_XA_DEMUXER 1
 784      =2  #define CONFIG_XBIN_DEMUXER 1
 785      =2  #define CONFIG_XMV_DEMUXER 1
 786      =2  #define CONFIG_XWMA_DEMUXER 1
 787      =2  #define CONFIG_YOP_DEMUXER 1
 788      =2  #define CONFIG_YUV4MPEGPIPE_DEMUXER 1
 789      =2  #define CONFIG_LIBMODPLUG_DEMUXER 0
 790      =2  #define CONFIG_LIBNUT_DEMUXER 0
 791      =2  #define CONFIG_A64MULTI_ENCODER 0
 792      =2  #define CONFIG_A64MULTI5_ENCODER 0
 793      =2  #define CONFIG_AMV_ENCODER 0
 794      =2  #define CONFIG_ASV1_ENCODER 0
 795      =2  #define CONFIG_ASV2_ENCODER 0
 796      =2  #define CONFIG_AVRP_ENCODER 0
 797      =2  #define CONFIG_AVUI_ENCODER 0
 798      =2  #define CONFIG_AYUV_ENCODER 0
 799      =2  #define CONFIG_BMP_ENCODER 0
 800      =2  #define CONFIG_CLJR_ENCODER 0
C51 COMPILER V9.54   MAIN                                                                  10/26/2022 17:10:19 PAGE 15  

 801      =2  #define CONFIG_DNXHD_ENCODER 0
 802      =2  #define CONFIG_DPX_ENCODER 0
 803      =2  #define CONFIG_DVVIDEO_ENCODER 0
 804      =2  #define CONFIG_FFV1_ENCODER 0
 805      =2  #define CONFIG_FFVHUFF_ENCODER 0
 806      =2  #define CONFIG_FLASHSV_ENCODER 0
 807      =2  #define CONFIG_FLASHSV2_ENCODER 0
 808      =2  #define CONFIG_FLV_ENCODER 0
 809      =2  #define CONFIG_GIF_ENCODER 0
 810      =2  #define CONFIG_H261_ENCODER 0
 811      =2  #define CONFIG_H263_ENCODER 0
 812      =2  #define CONFIG_H263P_ENCODER 0
 813      =2  #define CONFIG_HUFFYUV_ENCODER 0
 814      =2  #define CONFIG_JPEG2000_ENCODER 0
 815      =2  #define CONFIG_JPEGLS_ENCODER 0
 816      =2  #define CONFIG_LJPEG_ENCODER 0
 817      =2  #define CONFIG_MJPEG_ENCODER 0
 818      =2  #define CONFIG_MPEG1VIDEO_ENCODER 0
 819      =2  #define CONFIG_MPEG2VIDEO_ENCODER 0
 820      =2  #define CONFIG_MPEG4_ENCODER 0
 821      =2  #define CONFIG_MSMPEG4V2_ENCODER 0
 822      =2  #define CONFIG_MSMPEG4V3_ENCODER 0
 823      =2  #define CONFIG_MSVIDEO1_ENCODER 0
 824      =2  #define CONFIG_PAM_ENCODER 0
 825      =2  #define CONFIG_PBM_ENCODER 0
 826      =2  #define CONFIG_PCX_ENCODER 0
 827      =2  #define CONFIG_PGM_ENCODER 0
 828      =2  #define CONFIG_PGMYUV_ENCODER 0
 829      =2  #define CONFIG_PNG_ENCODER 0
 830      =2  #define CONFIG_PPM_ENCODER 0
 831      =2  #define CONFIG_PRORES_ENCODER 0
 832      =2  #define CONFIG_PRORES_ANATOLIY_ENCODER 0
 833      =2  #define CONFIG_PRORES_KOSTYA_ENCODER 0
 834      =2  #define CONFIG_QTRLE_ENCODER 0
 835      =2  #define CONFIG_R10K_ENCODER 0
 836      =2  #define CONFIG_R210_ENCODER 0
 837      =2  #define CONFIG_RAWVIDEO_ENCODER 0
 838      =2  #define CONFIG_ROQ_ENCODER 0
 839      =2  #define CONFIG_RV10_ENCODER 0
 840      =2  #define CONFIG_RV20_ENCODER 0
 841      =2  #define CONFIG_SGI_ENCODER 0
 842      =2  #define CONFIG_SNOW_ENCODER 0
 843      =2  #define CONFIG_SUNRAST_ENCODER 0
 844      =2  #define CONFIG_SVQ1_ENCODER 0
 845      =2  #define CONFIG_TARGA_ENCODER 0
 846      =2  #define CONFIG_TIFF_ENCODER 0
 847      =2  #define CONFIG_V210_ENCODER 0
 848      =2  #define CONFIG_V308_ENCODER 0
 849      =2  #define CONFIG_V408_ENCODER 0
 850      =2  #define CONFIG_V410_ENCODER 0
 851      =2  #define CONFIG_WMV1_ENCODER 0
 852      =2  #define CONFIG_WMV2_ENCODER 0
 853      =2  #define CONFIG_XBM_ENCODER 0
 854      =2  #define CONFIG_XWD_ENCODER 0
 855      =2  #define CONFIG_Y41P_ENCODER 0
 856      =2  #define CONFIG_YUV4_ENCODER 0
 857      =2  #define CONFIG_ZLIB_ENCODER 0
 858      =2  #define CONFIG_ZMBV_ENCODER 0
 859      =2  #define CONFIG_AAC_ENCODER 0
 860      =2  #define CONFIG_AC3_ENCODER 0
 861      =2  #define CONFIG_AC3_FIXED_ENCODER 0
 862      =2  #define CONFIG_ALAC_ENCODER 0
C51 COMPILER V9.54   MAIN                                                                  10/26/2022 17:10:19 PAGE 16  

 863      =2  #define CONFIG_DCA_ENCODER 0
 864      =2  #define CONFIG_EAC3_ENCODER 0
 865      =2  #define CONFIG_FLAC_ENCODER 0
 866      =2  #define CONFIG_G723_1_ENCODER 0
 867      =2  #define CONFIG_MP2_ENCODER 0
 868      =2  #define CONFIG_NELLYMOSER_ENCODER 0
 869      =2  #define CONFIG_RA_144_ENCODER 0
 870      =2  #define CONFIG_SONIC_ENCODER 0
 871      =2  #define CONFIG_SONIC_LS_ENCODER 0
 872      =2  #define CONFIG_VORBIS_ENCODER 0
 873      =2  #define CONFIG_WMAV1_ENCODER 0
 874      =2  #define CONFIG_WMAV2_ENCODER 0
 875      =2  #define CONFIG_PCM_ALAW_ENCODER 0
 876      =2  #define CONFIG_PCM_F32BE_ENCODER 0
 877      =2  #define CONFIG_PCM_F32LE_ENCODER 0
 878      =2  #define CONFIG_PCM_F64BE_ENCODER 0
 879      =2  #define CONFIG_PCM_F64LE_ENCODER 0
 880      =2  #define CONFIG_PCM_MULAW_ENCODER 0
 881      =2  #define CONFIG_PCM_S8_ENCODER 0
 882      =2  #define CONFIG_PCM_S16BE_ENCODER 0
 883      =2  #define CONFIG_PCM_S16LE_ENCODER 0
 884      =2  #define CONFIG_PCM_S24BE_ENCODER 0
 885      =2  #define CONFIG_PCM_S24DAUD_ENCODER 0
 886      =2  #define CONFIG_PCM_S24LE_ENCODER 0
 887      =2  #define CONFIG_PCM_S32BE_ENCODER 0
 888      =2  #define CONFIG_PCM_S32LE_ENCODER 0
 889      =2  #define CONFIG_PCM_U8_ENCODER 0
 890      =2  #define CONFIG_PCM_U16BE_ENCODER 0
 891      =2  #define CONFIG_PCM_U16LE_ENCODER 0
 892      =2  #define CONFIG_PCM_U24BE_ENCODER 0
 893      =2  #define CONFIG_PCM_U24LE_ENCODER 0
 894      =2  #define CONFIG_PCM_U32BE_ENCODER 0
 895      =2  #define CONFIG_PCM_U32LE_ENCODER 0
 896      =2  #define CONFIG_ROQ_DPCM_ENCODER 0
 897      =2  #define CONFIG_ADPCM_ADX_ENCODER 0
 898      =2  #define CONFIG_ADPCM_G722_ENCODER 0
 899      =2  #define CONFIG_ADPCM_G726_ENCODER 0
 900      =2  #define CONFIG_ADPCM_IMA_QT_ENCODER 0
 901      =2  #define CONFIG_ADPCM_IMA_WAV_ENCODER 0
 902      =2  #define CONFIG_ADPCM_MS_ENCODER 0
 903      =2  #define CONFIG_ADPCM_SWF_ENCODER 0
 904      =2  #define CONFIG_ADPCM_YAMAHA_ENCODER 0
 905      =2  #define CONFIG_ASS_ENCODER 0
 906      =2  #define CONFIG_DVBSUB_ENCODER 0
 907      =2  #define CONFIG_DVDSUB_ENCODER 0
 908      =2  #define CONFIG_SRT_ENCODER 0
 909      =2  #define CONFIG_XSUB_ENCODER 0
 910      =2  #define CONFIG_LIBFAAC_ENCODER 0
 911      =2  #define CONFIG_LIBGSM_ENCODER 0
 912      =2  #define CONFIG_LIBGSM_MS_ENCODER 0
 913      =2  #define CONFIG_LIBMP3LAME_ENCODER 0
 914      =2  #define CONFIG_LIBOPENCORE_AMRNB_ENCODER 0
 915      =2  #define CONFIG_LIBOPENJPEG_ENCODER 0
 916      =2  #define CONFIG_LIBSCHROEDINGER_ENCODER 0
 917      =2  #define CONFIG_LIBSPEEX_ENCODER 0
 918      =2  #define CONFIG_LIBTHEORA_ENCODER 0
 919      =2  #define CONFIG_LIBUTVIDEO_ENCODER 0
 920      =2  #define CONFIG_LIBVO_AACENC_ENCODER 0
 921      =2  #define CONFIG_LIBVO_AMRWBENC_ENCODER 0
 922      =2  #define CONFIG_LIBVORBIS_ENCODER 0
 923      =2  #define CONFIG_LIBVPX_ENCODER 0
 924      =2  #define CONFIG_LIBX264_ENCODER 0
C51 COMPILER V9.54   MAIN                                                                  10/26/2022 17:10:19 PAGE 17  

 925      =2  #define CONFIG_LIBX264RGB_ENCODER 0
 926      =2  #define CONFIG_LIBXAVS_ENCODER 0
 927      =2  #define CONFIG_LIBXVID_ENCODER 0
 928      =2  #define CONFIG_LIBAACPLUS_ENCODER 0
 929      =2  #define CONFIG_ACONVERT_FILTER 1
 930      =2  #define CONFIG_AFORMAT_FILTER 1
 931      =2  #define CONFIG_AMERGE_FILTER 1
 932      =2  #define CONFIG_AMIX_FILTER 1
 933      =2  #define CONFIG_ANULL_FILTER 1
 934      =2  #define CONFIG_ARESAMPLE_FILTER 1
 935      =2  #define CONFIG_ASHOWINFO_FILTER 1
 936      =2  #define CONFIG_ASPLIT_FILTER 1
 937      =2  #define CONFIG_ASTREAMSYNC_FILTER 1
 938      =2  #define CONFIG_ASYNCTS_FILTER 0
 939      =2  #define CONFIG_EARWAX_FILTER 1
 940      =2  #define CONFIG_PAN_FILTER 1
 941      =2  #define CONFIG_SILENCEDETECT_FILTER 1
 942      =2  #define CONFIG_VOLUME_FILTER 1
 943      =2  #define CONFIG_RESAMPLE_FILTER 0
 944      =2  #define CONFIG_AEVALSRC_FILTER 1
 945      =2  #define CONFIG_AMOVIE_FILTER 1
 946      =2  #define CONFIG_ANULLSRC_FILTER 1
 947      =2  #define CONFIG_ABUFFERSINK_FILTER 1
 948      =2  #define CONFIG_ANULLSINK_FILTER 1
 949      =2  #define CONFIG_ASS_FILTER 0
 950      =2  #define CONFIG_BBOX_FILTER 1
 951      =2  #define CONFIG_BLACKDETECT_FILTER 1
 952      =2  #define CONFIG_BLACKFRAME_FILTER 1
 953      =2  #define CONFIG_BOXBLUR_FILTER 1
 954      =2  #define CONFIG_COLORMATRIX_FILTER 1
 955      =2  #define CONFIG_COPY_FILTER 1
 956      =2  #define CONFIG_CROP_FILTER 1
 957      =2  #define CONFIG_CROPDETECT_FILTER 1
 958      =2  #define CONFIG_DELOGO_FILTER 1
 959      =2  #define CONFIG_DESHAKE_FILTER 1
 960      =2  #define CONFIG_DRAWBOX_FILTER 1
 961      =2  #define CONFIG_DRAWTEXT_FILTER 0
 962      =2  #define CONFIG_FADE_FILTER 1
 963      =2  #define CONFIG_FIELDORDER_FILTER 1
 964      =2  #define CONFIG_FIFO_FILTER 1
 965      =2  #define CONFIG_FORMAT_FILTER 1
 966      =2  #define CONFIG_FPS_FILTER 1
 967      =2  #define CONFIG_FREI0R_FILTER 0
 968      =2  #define CONFIG_GRADFUN_FILTER 1
 969      =2  #define CONFIG_HFLIP_FILTER 1
 970      =2  #define CONFIG_HQDN3D_FILTER 1
 971      =2  #define CONFIG_IDET_FILTER 1
 972      =2  #define CONFIG_LUT_FILTER 1
 973      =2  #define CONFIG_LUTRGB_FILTER 1
 974      =2  #define CONFIG_LUTYUV_FILTER 1
 975      =2  #define CONFIG_MP_FILTER 0
 976      =2  #define CONFIG_NEGATE_FILTER 1
 977      =2  #define CONFIG_NOFORMAT_FILTER 1
 978      =2  #define CONFIG_NULL_FILTER 1
 979      =2  #define CONFIG_OCV_FILTER 0
 980      =2  #define CONFIG_OVERLAY_FILTER 1
 981      =2  #define CONFIG_PAD_FILTER 1
 982      =2  #define CONFIG_PIXDESCTEST_FILTER 1
 983      =2  #define CONFIG_REMOVELOGO_FILTER 1
 984      =2  #define CONFIG_SELECT_FILTER 1
 985      =2  #define CONFIG_SETDAR_FILTER 1
 986      =2  #define CONFIG_SETFIELD_FILTER 1
C51 COMPILER V9.54   MAIN                                                                  10/26/2022 17:10:19 PAGE 18  

 987      =2  #define CONFIG_SETPTS_FILTER 1
 988      =2  #define CONFIG_SETSAR_FILTER 1
 989      =2  #define CONFIG_SETTB_FILTER 1
 990      =2  #define CONFIG_SHOWINFO_FILTER 1
 991      =2  #define CONFIG_SLICIFY_FILTER 1
 992      =2  #define CONFIG_SPLIT_FILTER 1
 993      =2  #define CONFIG_SUPER2XSAI_FILTER 1
 994      =2  #define CONFIG_SWAPUV_FILTER 1
 995      =2  #define CONFIG_THUMBNAIL_FILTER 1
 996      =2  #define CONFIG_TILE_FILTER 1
 997      =2  #define CONFIG_TINTERLACE_FILTER 1
 998      =2  #define CONFIG_TRANSPOSE_FILTER 1
 999      =2  #define CONFIG_UNSHARP_FILTER 1
1000      =2  #define CONFIG_VFLIP_FILTER 1
1001      =2  #define CONFIG_YADIF_FILTER 1
1002      =2  #define CONFIG_CELLAUTO_FILTER 1
1003      =2  #define CONFIG_COLOR_FILTER 1
1004      =2  #define CONFIG_FREI0R_SRC_FILTER 0
1005      =2  #define CONFIG_LIFE_FILTER 1
1006      =2  #define CONFIG_MANDELBROT_FILTER 1
1007      =2  #define CONFIG_MOVIE_FILTER 1
1008      =2  #define CONFIG_MPTESTSRC_FILTER 1
1009      =2  #define CONFIG_NULLSRC_FILTER 1
1010      =2  #define CONFIG_RGBTESTSRC_FILTER 1
1011      =2  #define CONFIG_TESTSRC_FILTER 1
1012      =2  #define CONFIG_BUFFERSINK_FILTER 1
1013      =2  #define CONFIG_NULLSINK_FILTER 1
1014      =2  #define CONFIG_H263_VAAPI_HWACCEL 0
1015      =2  #define CONFIG_H264_DXVA2_HWACCEL 0
1016      =2  #define CONFIG_H264_VAAPI_HWACCEL 0
1017      =2  #define CONFIG_H264_VDA_HWACCEL 0
1018      =2  #define CONFIG_MPEG1_VDPAU_HWACCEL 0
1019      =2  #define CONFIG_MPEG2_DXVA2_HWACCEL 0
1020      =2  #define CONFIG_MPEG2_VAAPI_HWACCEL 0
1021      =2  #define CONFIG_MPEG2_VDPAU_HWACCEL 0
1022      =2  #define CONFIG_MPEG4_VAAPI_HWACCEL 0
1023      =2  #define CONFIG_VC1_DXVA2_HWACCEL 0
1024      =2  #define CONFIG_VC1_VAAPI_HWACCEL 0
1025      =2  #define CONFIG_WMV3_DXVA2_HWACCEL 0
1026      =2  #define CONFIG_WMV3_VAAPI_HWACCEL 0
1027      =2  #define CONFIG_ALSA_INDEV 0
1028      =2  #define CONFIG_BKTR_INDEV 0
1029      =2  #define CONFIG_DSHOW_INDEV 0
1030      =2  #define CONFIG_DV1394_INDEV 0
1031      =2  #define CONFIG_FBDEV_INDEV 0
1032      =2  #define CONFIG_JACK_INDEV 0
1033      =2  #define CONFIG_LAVFI_INDEV 0
1034      =2  #define CONFIG_OPENAL_INDEV 0
1035      =2  #define CONFIG_OSS_INDEV 0
1036      =2  #define CONFIG_PULSE_INDEV 0
1037      =2  #define CONFIG_SNDIO_INDEV 0
1038      =2  #define CONFIG_V4L2_INDEV 0
1039      =2  #define CONFIG_VFWCAP_INDEV 0
1040      =2  #define CONFIG_X11_GRAB_DEVICE_INDEV 0
1041      =2  #define CONFIG_LIBCDIO_INDEV 0
1042      =2  #define CONFIG_LIBDC1394_INDEV 0
1043      =2  #define CONFIG_A64_MUXER 0
1044      =2  #define CONFIG_AC3_MUXER 0
1045      =2  #define CONFIG_ADTS_MUXER 0
1046      =2  #define CONFIG_ADX_MUXER 0
1047      =2  #define CONFIG_AIFF_MUXER 0
1048      =2  #define CONFIG_AMR_MUXER 0
C51 COMPILER V9.54   MAIN                                                                  10/26/2022 17:10:19 PAGE 19  

1049      =2  #define CONFIG_ASF_MUXER 0
1050      =2  #define CONFIG_ASS_MUXER 0
1051      =2  #define CONFIG_ASF_STREAM_MUXER 0
1052      =2  #define CONFIG_AU_MUXER 0
1053      =2  #define CONFIG_AVI_MUXER 0
1054      =2  #define CONFIG_AVM2_MUXER 0
1055      =2  #define CONFIG_BIT_MUXER 0
1056      =2  #define CONFIG_CAF_MUXER 0
1057      =2  #define CONFIG_CAVSVIDEO_MUXER 0
1058      =2  #define CONFIG_CRC_MUXER 0
1059      =2  #define CONFIG_DAUD_MUXER 0
1060      =2  #define CONFIG_DIRAC_MUXER 0
1061      =2  #define CONFIG_DNXHD_MUXER 0
1062      =2  #define CONFIG_DTS_MUXER 0
1063      =2  #define CONFIG_DV_MUXER 0
1064      =2  #define CONFIG_EAC3_MUXER 0
1065      =2  #define CONFIG_FFM_MUXER 0
1066      =2  #define CONFIG_FFMETADATA_MUXER 0
1067      =2  #define CONFIG_FILMSTRIP_MUXER 0
1068      =2  #define CONFIG_FLAC_MUXER 0
1069      =2  #define CONFIG_FLV_MUXER 0
1070      =2  #define CONFIG_FRAMECRC_MUXER 0
1071      =2  #define CONFIG_FRAMEMD5_MUXER 0
1072      =2  #define CONFIG_G722_MUXER 0
1073      =2  #define CONFIG_G723_1_MUXER 0
1074      =2  #define CONFIG_GIF_MUXER 0
1075      =2  #define CONFIG_GXF_MUXER 0
1076      =2  #define CONFIG_H261_MUXER 0
1077      =2  #define CONFIG_H263_MUXER 0
1078      =2  #define CONFIG_H264_MUXER 0
1079      =2  #define CONFIG_IMAGE2_MUXER 0
1080      =2  #define CONFIG_IMAGE2PIPE_MUXER 0
1081      =2  #define CONFIG_IPOD_MUXER 0
1082      =2  #define CONFIG_ISMV_MUXER 0
1083      =2  #define CONFIG_IVF_MUXER 0
1084      =2  #define CONFIG_JACOSUB_MUXER 0
1085      =2  #define CONFIG_LATM_MUXER 0
1086      =2  #define CONFIG_M4V_MUXER 0
1087      =2  #define CONFIG_MD5_MUXER 0
1088      =2  #define CONFIG_MATROSKA_MUXER 0
1089      =2  #define CONFIG_MATROSKA_AUDIO_MUXER 0
1090      =2  #define CONFIG_MICRODVD_MUXER 0
1091      =2  #define CONFIG_MJPEG_MUXER 0
1092      =2  #define CONFIG_MLP_MUXER 0
1093      =2  #define CONFIG_MMF_MUXER 0
1094      =2  #define CONFIG_MOV_MUXER 0
1095      =2  #define CONFIG_MP2_MUXER 0
1096      =2  #define CONFIG_MP3_MUXER 0
1097      =2  #define CONFIG_MP4_MUXER 0
1098      =2  #define CONFIG_MPEG1SYSTEM_MUXER 0
1099      =2  #define CONFIG_MPEG1VCD_MUXER 0
1100      =2  #define CONFIG_MPEG1VIDEO_MUXER 0
1101      =2  #define CONFIG_MPEG2DVD_MUXER 0
1102      =2  #define CONFIG_MPEG2SVCD_MUXER 0
1103      =2  #define CONFIG_MPEG2VIDEO_MUXER 0
1104      =2  #define CONFIG_MPEG2VOB_MUXER 0
1105      =2  #define CONFIG_MPEGTS_MUXER 0
1106      =2  #define CONFIG_MPJPEG_MUXER 0
1107      =2  #define CONFIG_MXF_MUXER 0
1108      =2  #define CONFIG_MXF_D10_MUXER 0
1109      =2  #define CONFIG_NULL_MUXER 0
1110      =2  #define CONFIG_NUT_MUXER 0
C51 COMPILER V9.54   MAIN                                                                  10/26/2022 17:10:19 PAGE 20  

1111      =2  #define CONFIG_OGG_MUXER 0
1112      =2  #define CONFIG_OMA_MUXER 0
1113      =2  #define CONFIG_PCM_ALAW_MUXER 0
1114      =2  #define CONFIG_PCM_MULAW_MUXER 0
1115      =2  #define CONFIG_PCM_F64BE_MUXER 0
1116      =2  #define CONFIG_PCM_F64LE_MUXER 0
1117      =2  #define CONFIG_PCM_F32BE_MUXER 0
1118      =2  #define CONFIG_PCM_F32LE_MUXER 0
1119      =2  #define CONFIG_PCM_S32BE_MUXER 0
1120      =2  #define CONFIG_PCM_S32LE_MUXER 0
1121      =2  #define CONFIG_PCM_S24BE_MUXER 0
1122      =2  #define CONFIG_PCM_S24LE_MUXER 0
1123      =2  #define CONFIG_PCM_S16BE_MUXER 0
1124      =2  #define CONFIG_PCM_S16LE_MUXER 0
1125      =2  #define CONFIG_PCM_S8_MUXER 0
1126      =2  #define CONFIG_PCM_U32BE_MUXER 0
1127      =2  #define CONFIG_PCM_U32LE_MUXER 0
1128      =2  #define CONFIG_PCM_U24BE_MUXER 0
1129      =2  #define CONFIG_PCM_U24LE_MUXER 0
1130      =2  #define CONFIG_PCM_U16BE_MUXER 0
1131      =2  #define CONFIG_PCM_U16LE_MUXER 0
1132      =2  #define CONFIG_PCM_U8_MUXER 0
1133      =2  #define CONFIG_PSP_MUXER 0
1134      =2  #define CONFIG_RAWVIDEO_MUXER 0
1135      =2  #define CONFIG_RM_MUXER 0
1136      =2  #define CONFIG_ROQ_MUXER 0
1137      =2  #define CONFIG_RSO_MUXER 0
1138      =2  #define CONFIG_RTP_MUXER 0
1139      =2  #define CONFIG_RTSP_MUXER 0
1140      =2  #define CONFIG_SAP_MUXER 0
1141      =2  #define CONFIG_SEGMENT_MUXER 0
1142      =2  #define CONFIG_SMJPEG_MUXER 0
1143      =2  #define CONFIG_SOX_MUXER 0
1144      =2  #define CONFIG_SPDIF_MUXER 0
1145      =2  #define CONFIG_SRT_MUXER 0
1146      =2  #define CONFIG_SWF_MUXER 0
1147      =2  #define CONFIG_TG2_MUXER 0
1148      =2  #define CONFIG_TGP_MUXER 0
1149      =2  #define CONFIG_MKVTIMESTAMP_V2_MUXER 0
1150      =2  #define CONFIG_TRUEHD_MUXER 0
1151      =2  #define CONFIG_VC1T_MUXER 0
1152      =2  #define CONFIG_VOC_MUXER 0
1153      =2  #define CONFIG_WAV_MUXER 0
1154      =2  #define CONFIG_WEBM_MUXER 0
1155      =2  #define CONFIG_WTV_MUXER 0
1156      =2  #define CONFIG_YUV4MPEGPIPE_MUXER 0
1157      =2  #define CONFIG_LIBNUT_MUXER 0
1158      =2  #define CONFIG_ALSA_OUTDEV 0
1159      =2  #define CONFIG_OSS_OUTDEV 0
1160      =2  #define CONFIG_SDL_OUTDEV 0
1161      =2  #define CONFIG_SNDIO_OUTDEV 0
1162      =2  #define CONFIG_AAC_PARSER 1
1163      =2  #define CONFIG_AAC_LATM_PARSER 1
1164      =2  #define CONFIG_AC3_PARSER 1
1165      =2  #define CONFIG_ADX_PARSER 1
1166      =2  #define CONFIG_CAVSVIDEO_PARSER 1
1167      =2  #define CONFIG_COOK_PARSER 1
1168      =2  #define CONFIG_DCA_PARSER 1
1169      =2  #define CONFIG_DIRAC_PARSER 1
1170      =2  #define CONFIG_DNXHD_PARSER 1
1171      =2  #define CONFIG_DVBSUB_PARSER 1
1172      =2  #define CONFIG_DVDSUB_PARSER 1
C51 COMPILER V9.54   MAIN                                                                  10/26/2022 17:10:19 PAGE 21  

1173      =2  #define CONFIG_FLAC_PARSER 1
1174      =2  #define CONFIG_GSM_PARSER 1
1175      =2  #define CONFIG_H261_PARSER 1
1176      =2  #define CONFIG_H263_PARSER 1
1177      =2  #define CONFIG_H264_PARSER 1
1178      =2  #define CONFIG_MJPEG_PARSER 1
1179      =2  #define CONFIG_MLP_PARSER 1
1180      =2  #define CONFIG_MPEG4VIDEO_PARSER 1
1181      =2  #define CONFIG_MPEGAUDIO_PARSER 1
1182      =2  #define CONFIG_MPEGVIDEO_PARSER 1
1183      =2  #define CONFIG_PNG_PARSER 1
1184      =2  #define CONFIG_PNM_PARSER 1
1185      =2  #define CONFIG_RV30_PARSER 1
1186      =2  #define CONFIG_RV40_PARSER 1
1187      =2  #define CONFIG_VC1_PARSER 1
1188      =2  #define CONFIG_VORBIS_PARSER 1
1189      =2  #define CONFIG_VP3_PARSER 1
1190      =2  #define CONFIG_VP8_PARSER 1
1191      =2  #define CONFIG_APPLEHTTP_PROTOCOL 1
1192      =2  #define CONFIG_BLURAY_PROTOCOL 0
1193      =2  #define CONFIG_CACHE_PROTOCOL 1
1194      =2  #define CONFIG_CONCAT_PROTOCOL 1
1195      =2  #define CONFIG_CRYPTO_PROTOCOL 1
1196      =2  #define CONFIG_FILE_PROTOCOL 1
1197      =2  #define CONFIG_GOPHER_PROTOCOL 1
1198      =2  #define CONFIG_HLS_PROTOCOL 1
1199      =2  #define CONFIG_HTTP_PROTOCOL 1
1200      =2  #define CONFIG_HTTPPROXY_PROTOCOL 1
1201      =2  #define CONFIG_HTTPS_PROTOCOL 0
1202      =2  #define CONFIG_MMSH_PROTOCOL 1
1203      =2  #define CONFIG_MMST_PROTOCOL 1
1204      =2  #define CONFIG_MD5_PROTOCOL 1
1205      =2  #define CONFIG_PIPE_PROTOCOL 1
1206      =2  #define CONFIG_RTMP_PROTOCOL 1
1207      =2  #define CONFIG_RTP_PROTOCOL 1
1208      =2  #define CONFIG_SCTP_PROTOCOL 0
1209      =2  #define CONFIG_TCP_PROTOCOL 1
1210      =2  #define CONFIG_TLS_PROTOCOL 0
1211      =2  #define CONFIG_UDP_PROTOCOL 1
1212      =2  #define CONFIG_LIBRTMP_PROTOCOL 0
1213      =2  #define CONFIG_LIBRTMPE_PROTOCOL 0
1214      =2  #define CONFIG_LIBRTMPS_PROTOCOL 0
1215      =2  #define CONFIG_LIBRTMPT_PROTOCOL 0
1216      =2  #define CONFIG_LIBRTMPTE_PROTOCOL 0
1217      =2  #endif /* FFMPEG_CONFIG_H */
   7      =1  #include  "stc89c5xrc.h"
   1      =2  #ifndef __STC89C5xRC_H__
   2      =2  #define __STC89C5xRC_H__
   3      =2  
   4      =2  /////////////////////////////////////////////////
   5      =2  
   6      =2  /* The following is STC additional SFR */
   7      =2  
   8      =2  /* sfr  AUXR  = 0x8e; */
   9      =2  /* sfr  AUXR1 = 0xa2; */
  10      =2  /* sfr  IPH   = 0xb7; */
  11      =2  
  12      =2  sfr  P4  = 0xE8;
  13      =2  sbit P46 = P4^6;
  14      =2  sbit P45 = P4^5;       //ISP蹴ѡ"ALEP4.5"
  15      =2  sbit P44 = P4^4;
  16      =2  sbit P43 = P4^3;
C51 COMPILER V9.54   MAIN                                                                  10/26/2022 17:10:19 PAGE 22  

  17      =2  sbit P42 = P4^2;
  18      =2  sbit P41 = P4^1;
  19      =2  sbit P40 = P4^0;
  20      =2  
  21      =2  sfr  XICON = 0xc0;
  22      =2  
  23      =2  sfr  WDT_CONTR = 0xe1;
  24      =2  
  25      =2  sfr ISP_DATA  = 0xe2;
  26      =2  sfr ISP_ADDRH = 0xe3;
  27      =2  sfr ISP_ADDRL = 0xe4;
  28      =2  sfr ISP_CMD   = 0xe5;
  29      =2  sfr ISP_TRIG  = 0xe6;
  30      =2  sfr ISP_CONTR = 0xe7;
  31      =2  
  32      =2  /* Above is STC additional SFR */
  33      =2  
  34      =2  /*--------------------------------------------------------------------------
  35      =2  REG51F.H
  36      =2  
  37      =2  Header file for 8xC31/51, 80C51Fx, 80C51Rx+
  38      =2  Copyright (c) 1988-1999 Keil Elektronik GmbH and Keil Software, Inc.
  39      =2  All rights reserved.
  40      =2  
  41      =2  Modification according to DataSheet from April 1999
  42      =2   - SFR's AUXR and AUXR1 added for 80C51Rx+ derivatives
  43      =2  --------------------------------------------------------------------------*/
  44      =2  
  45      =2  /*  BYTE Registers  */
  46      =2  sfr P0   = 0x80;
  47      =2  sbit P00 = P0^0;
  48      =2  sbit P01 = P0^1;
  49      =2  sbit P02 = P0^2;
  50      =2  sbit P03 = P0^3;
  51      =2  sbit P04 = P0^4;
  52      =2  sbit P05 = P0^5;
  53      =2  sbit P06 = P0^6;
  54      =2  sbit P07 = P0^7;
  55      =2  sfr P1   = 0x90;
  56      =2  sbit P10 = P1^0;
  57      =2  sbit P11 = P1^1;
  58      =2  sbit P12 = P1^2;
  59      =2  sbit P13 = P1^3;
  60      =2  sbit P14 = P1^4;
  61      =2  sbit P15 = P1^5;
  62      =2  sbit P16 = P1^6;
  63      =2  sbit P17 = P1^7;
  64      =2  sfr P2   = 0xA0;
  65      =2  sbit P20 = P2^0;
  66      =2  sbit P21 = P2^1;
  67      =2  sbit P22 = P2^2;
  68      =2  sbit P23 = P2^3;
  69      =2  sbit P24 = P2^4;
  70      =2  sbit P25 = P2^5;
  71      =2  sbit P26 = P2^6;
  72      =2  sbit P27 = P2^7;
  73      =2  sfr P3   = 0xB0;
  74      =2  sbit P30 = P3^0;
  75      =2  sbit P31 = P3^1;
  76      =2  sbit P32 = P3^2;
  77      =2  sbit P33 = P3^3;
  78      =2  sbit P34 = P3^4;
C51 COMPILER V9.54   MAIN                                                                  10/26/2022 17:10:19 PAGE 23  

  79      =2  sbit P35 = P3^5;
  80      =2  sbit P36 = P3^6;
  81      =2  sbit P37 = P3^7;
  82      =2  sfr PSW  = 0xD0;
  83      =2  sfr ACC  = 0xE0;
  84      =2  sfr B    = 0xF0;
  85      =2  sfr SP   = 0x81;
  86      =2  sfr DPL  = 0x82;
  87      =2  sfr DPH  = 0x83;
  88      =2  sfr PCON = 0x87;
  89      =2  sfr TCON = 0x88;
  90      =2  sfr TMOD = 0x89;
  91      =2  sfr TL0  = 0x8A;
  92      =2  sfr TL1  = 0x8B;
  93      =2  sfr TH0  = 0x8C;
  94      =2  sfr TH1  = 0x8D;
  95      =2  sfr IE   = 0xA8;
  96      =2  sfr IP   = 0xB8;
  97      =2  sfr SCON = 0x98;
  98      =2  sfr SBUF = 0x99;
  99      =2  
 100      =2  /*  80C51Fx/Rx Extensions  */
 101      =2  sfr AUXR   = 0x8E;
 102      =2  sfr AUXR1  = 0xA2;
 103      =2  sfr SADDR  = 0xA9;
 104      =2  sfr IPH    = 0xB7;
 105      =2  sfr SADEN  = 0xB9;
 106      =2  sfr T2CON  = 0xC8;
 107      =2  sfr T2MOD  = 0xC9;
 108      =2  sfr RCAP2L = 0xCA;
 109      =2  sfr RCAP2H = 0xCB;
 110      =2  sfr TL2    = 0xCC;
 111      =2  sfr TH2    = 0xCD;
 112      =2  
 113      =2  /* PCA SFR
 114      =2  sfr CCON   = 0xD8;
 115      =2  sfr CMOD   = 0xD9;
 116      =2  sfr CCAPM0 = 0xDA;
 117      =2  sfr CCAPM1 = 0xDB;
 118      =2  sfr CCAPM2 = 0xDC;
 119      =2  sfr CCAPM3 = 0xDD;
 120      =2  sfr CCAPM4 = 0xDE;
 121      =2  sfr CL     = 0xE9;
 122      =2  sfr CCAP0L = 0xEA;
 123      =2  sfr CCAP1L = 0xEB;
 124      =2  sfr CCAP2L = 0xEC;
 125      =2  sfr CCAP3L = 0xED;
 126      =2  sfr CCAP4L = 0xEE;
 127      =2  sfr CH     = 0xF9;
 128      =2  sfr CCAP0H = 0xFA;
 129      =2  sfr CCAP1H = 0xFB;
 130      =2  sfr CCAP2H = 0xFC;
 131      =2  sfr CCAP3H = 0xFD;
 132      =2  sfr CCAP4H = 0xFE;
 133      =2  */
 134      =2  
 135      =2  /*  BIT Registers  */
 136      =2  /*  PSW   */
 137      =2  sbit CY   = PSW^7;
 138      =2  sbit AC   = PSW^6;
 139      =2  sbit F0   = PSW^5;
 140      =2  sbit RS1  = PSW^4;
C51 COMPILER V9.54   MAIN                                                                  10/26/2022 17:10:19 PAGE 24  

 141      =2  sbit RS0  = PSW^3;
 142      =2  sbit OV   = PSW^2;
 143      =2  sbit F1   = PSW^1;
 144      =2  sbit P    = PSW^0;
 145      =2  
 146      =2  /*  TCON  */
 147      =2  sbit TF1  = TCON^7;
 148      =2  sbit TR1  = TCON^6;
 149      =2  sbit TF0  = TCON^5;
 150      =2  sbit TR0  = TCON^4;
 151      =2  sbit IE1  = TCON^3;
 152      =2  sbit IT1  = TCON^2;
 153      =2  sbit IE0  = TCON^1;
 154      =2  sbit IT0  = TCON^0;
 155      =2  
 156      =2  /*  IE   */
 157      =2  sbit EA   = IE^7;
 158      =2  sbit EC   = IE^6;
 159      =2  sbit ET2  = IE^5;
 160      =2  sbit ES   = IE^4;
 161      =2  sbit ET1  = IE^3;
 162      =2  sbit EX1  = IE^2;
 163      =2  sbit ET0  = IE^1;
 164      =2  sbit EX0  = IE^0;
 165      =2  
 166      =2  /*  IP   */ 
 167      =2  /*  sbit PPC  = IP^6;*/
 168      =2  sbit PT2  = IP^5;
 169      =2  sbit PS   = IP^4;
 170      =2  sbit PT1  = IP^3;
 171      =2  sbit PX1  = IP^2;
 172      =2  sbit PT0  = IP^1;
 173      =2  sbit PX0  = IP^0;
 174      =2  
 175      =2  /*  P3  */
 176      =2  sbit RD   = P3^7;
 177      =2  sbit WR   = P3^6;
 178      =2  sbit T1   = P3^5;
 179      =2  sbit T0   = P3^4;
 180      =2  sbit INT1 = P3^3;
 181      =2  sbit INT0 = P3^2;
 182      =2  sbit TXD  = P3^1;
 183      =2  sbit RXD  = P3^0;
 184      =2  
 185      =2  /*  SCON  */
 186      =2  sbit SM0  = SCON^7; // alternatively "FE"
 187      =2  sbit FE   = SCON^7;
 188      =2  sbit SM1  = SCON^6;
 189      =2  sbit SM2  = SCON^5;
 190      =2  sbit REN  = SCON^4;
 191      =2  sbit TB8  = SCON^3;
 192      =2  sbit RB8  = SCON^2;
 193      =2  sbit TI   = SCON^1;
 194      =2  sbit RI   = SCON^0;
 195      =2               
 196      =2  /*  P1  */
 197      =2  /* PCA
 198      =2  sbit CEX4 = P1^7;
 199      =2  sbit CEX3 = P1^6;
 200      =2  sbit CEX2 = P1^5;
 201      =2  sbit CEX1 = P1^4;
 202      =2  sbit CEX0 = P1^3;
C51 COMPILER V9.54   MAIN                                                                  10/26/2022 17:10:19 PAGE 25  

 203      =2  sbit ECI  = P1^2;
 204      =2  */
 205      =2  
 206      =2  sbit T2EX = P1^1;
 207      =2  sbit T2   = P1^0;
 208      =2  
 209      =2  /*  T2CON  */
 210      =2  sbit TF2   = T2CON^7;
 211      =2  sbit EXF2  = T2CON^6;
 212      =2  sbit RCLK  = T2CON^5;
 213      =2  sbit TCLK  = T2CON^4;
 214      =2  sbit EXEN2 = T2CON^3;
 215      =2  sbit TR2   = T2CON^2;
 216      =2  sbit C_T2  = T2CON^1;
 217      =2  sbit CP_RL2= T2CON^0;
 218      =2  
 219      =2  /*  CCON  */
 220      =2  /*  PCA
 221      =2  sbit CF    = CCON^7;
 222      =2  sbit CR    = CCON^6;
 223      =2  
 224      =2  sbit CCF4  = CCON^4;
 225      =2  sbit CCF3  = CCON^3;
 226      =2  sbit CCF2  = CCON^2;
 227      =2  sbit CCF1  = CCON^1;
 228      =2  sbit CCF0  = CCON^0;
 229      =2  */
 230      =2  
 231      =2  /////////////////////////////////////////////////
 232      =2  
 233      =2  #endif
 234      =2  
   8      =1  //----------------IO口定义----------------//
   9      =1  sbit EC11_A_Now=P1^0;                             //EC11up引脚定义
  10      =1  sbit EC11_B_Now=P1^1;                          //EC11down引脚定义
  11      =1  sbit EC11_Key=P1^2;                           //EC11电=点击定义                            //EC11的
             -键
  12      =1  extern int Volt_OutPut;
  13      =1  //----------------编码器动作代码相关定义----------------//
  14      =1  extern  int G_PWM_NUM1;
  15      =1  extern  int G_PWM_NUM2;
  16      =1  extern  int G_PWM_NUM3;
  17      =1  static unsigned char EC11_NUM_SW = 0;
  18      =1   
  19      =1  //----------------编码器参数微调宏定义----------------//
  20      =1  #define EC11_SCAN_PERIOD_MS            1                            //EC11编码器扫描周期
  21      =1  #define KEY_COUNT_DESHAKING         ( 20/EC11_SCAN_PERIOD_MS)       //按键消抖时间
  22      =1  #define KEY_COUNT_LONGTIME          (600/EC11_SCAN_PERIOD_MS)       //长按按键判断时间
  23      =1  #define KEY_COUNT_DUALCLICKTIME     (150/EC11_SCAN_PERIOD_MS)       //双击按键判断时间
  24      =1  #define KEY_LONG_REPEAT_TIME        (200/EC11_SCAN_PERIOD_MS)       //长按按键的回报率的倒数，
             -即一直长按按键时响应的时间间隔
  25      =1   
  26      =1  //----------------局部文件内变量列表----------------//
  27      =1  static  char    EC11_A_Last = 0;                        //EC11的A引脚上一次的状态
  28      =1  static  char    EC11_B_Last = 0;                        //EC11的B引脚上一次的状态
  29      =1  static  char    EC11_Type = 0;                          //定义变量暂存EC11的类型---->>>>----  0
             -一定位对应一脉冲；  1：两定位对应一脉冲
  30      =1                                                          //所谓一定位对应一脉冲，是指EC11旋
             -编码器每转动一格，A和B都会输出一个完整的方波。
  31      =1                                                          //而  两定位对应一脉冲，是指EC11旋转
             -编码器每转动两格，A和B才会输出一个完整的方波，只转动一格只输出A和B的上升沿或下降
             -
C51 COMPILER V9.54   MAIN                                                                  10/26/2022 17:10:19 PAGE 26  

  32      =1                                                          
  33      =1  static   int    EC11_KEY_COUNT = 0;                     //EC11按键动作计数器
  34      =1  static   int    EC11_KEY_DoubleClick_Count = 0;         //EC11按键双击动作计数器
  35      =1  static  char    FLAG_EC11_KEY_ShotClick = 0;            //EC11按键短按动作标志
  36      =1  static  char    FLAG_EC11_KEY_LongClick = 0;            //EC11按键长按动作标志
  37      =1  static  char    FLAG_EC11_KEY_DoubleClick = 0;          //EC11按键双击动作标志
  38      =1   
  39      =1   
  40      =1   
  41      =1  //----------------函数快速调用（复制粘贴）列表----------------//
  42      =1  //
  43      =1  /*******************************************************************
  44      =1  void Encoder_EC11_Init(unsigned char Set_EC11_TYPE);        //初始化EC11旋转编码器IO口和类型
             -及变量初始化
  45      =1  char Encoder_EC11_Scan();                                   //扫描旋转编码器的动作
  46      =1  void Encoder_EC11_Analyze(char EC11_Value);                 //分析EC11旋转编码器的动作以及动
             -处理代码
  47      =1  ******************************************************************/
  48      =1  //-------->>>>>>>>--------注意事项：EC11旋转编码器的扫描时间间隔控制在1~4ms之间，
             -则5ms及以上的扫描时间在快速旋转时可能会误判旋转方向--------<<<<<<<<--------//
  49      =1  //-------->>>>>>>>--------注意事项：EC11旋转编码器的扫描时间间隔控制在1~4ms之间，
             -则5ms及以上的扫描时间在快速旋转时可能会误判旋转方向--------<<<<<<<<--------//
  50      =1  //-------->>>>>>>>--------注意事项：EC11旋转编码器的扫描时间间隔控制在1~4ms之间，
             -则5ms及以上的扫描时间在快速旋转时可能会误判旋转方向--------<<<<<<<<--------//
  51      =1   
  52      =1  //----------------函数声明列表----------------//
  53      =1  //
  54      =1  //*******************************************************************/
  55      =1  //功能：初始化EC11旋转编码器相关参数
  56      =1  //形参：EC11旋转编码器的类型-->>  unsigned char Set_EC11_TYPE  <<--  ：0----一定位对应一
             -脉冲；1（或非0）----两定位对应一脉冲。
  57      =1  //返回：无
  58      =1  //详解：对EC11旋转编码器的连接IO口做IO口模式设置。以及将相关的变量进行初始
             -化
  59      =1  //*******************************************************************/
  60      =1  void Encoder_EC11_Init(unsigned char Set_EC11_TYPE);
  61      =1   
  62      =1  //*******************************************************************/
  63      =1  //功能：扫描EC11旋转编码器的动作并将参数返回给动作分析函数使用
  64      =1  //形参：EC11旋转编码器的类型-->>  unsigned char Set_EC11_TYPE  <<--  ：0----一定位对应一
             -脉冲；1（或非0）----两定位对应一脉冲
  65      =1  //返回：EC11旋转编码器的扫描结果-->>  char ScanResult  -->>  0：无动作；1：正转； -1
             -：反转；2：只按下按键；3：按着按键正转；-3：按着按键反转
  66      =1  //详解：只扫描EC11旋转编码器有没有动作，不关心是第几次按下按键或长按或双
             -。返回值直接作为形参传给 [ void Encoder_EC11_Analyze(char EC11_Value); ] 函数使用
  67      =1  //*******************************************************************/
  68      =1  char Encoder_EC11_Scan();
  69      =1      
  70      =1  //*******************************************************************/
  71      =1  //功能：对EC11旋转编码器的动作进行分析，并作出相应的动作处理代码
  72      =1  //形参：无
  73      =1  //返回：char AnalyzeResult = 0;目前无用。若在该函数里做了动作处理，则函数的返回
             -值无需理会
  74      =1  //详解：对EC11旋转编码器的动作进行模式分析，是单击还是双击还是长按松手还
             -一直按下。形参从 [ char Encoder_EC11_Scan(unsigned char Set_EC11_TYPE) ] 函数传入。在本函数内修改
             -要的动作处理代码
  75      =1  //*******************************************************************/
  76      =1  char Encoder_EC11_Analyze(char EC11_Value);
  77      =1   
  78      =1  #endif
  79      =1   
  80      =1   
C51 COMPILER V9.54   MAIN                                                                  10/26/2022 17:10:19 PAGE 27  

  81      =1  //---->>>>----函数使用示例----<<<<----//
  82      =1  /********
  83      =1  #include "config.h"
  84      =1  #include "delay.h"
  85      =1  #include "EncoderEC11.h"
  86      =1  int cnt = -1;                                                                   //流水灯速查表偏移
             -变量
  87      =1  unsigned char disp_tmp[] = {~0x01,~0x02,~0x04,~0x08,~0x10,~0x20,~0x40,~0x80};   //流水灯速查表
  88      =1  void Timer0Init(void)       //1毫秒@22.1184MHz
  89      =1  {
  90      =1      AUXR &= 0x7F;       //定时器时钟12T模式
  91      =1      TMOD &= 0xF0;       //设置定时器模式
  92      =1      TL0 = 0xCD;     //设置定时初值
  93      =1      TH0 = 0xF8;     //设置定时初值
  94      =1      TF0 = 0;        //清除TF0标志
  95      =1      TR0 = 1;        //定时器0开始计时
  96      =1  }
  97      =1  void main()
  98      =1  {
  99      =1      P1_QB_ALL();
 100      =1      P2_QB_ALL();
 101      =1      P3_QB_ALL();
 102      =1      delay_ms(50);  //延时100毫秒等待所有MCU复位
 103      =1      Encoder_EC11_Init(1);
 104      =1      EA = 1;
 105      =1      ET0 = 1;
 106      =1      Timer0Init();
 107      =1      while(1)
 108      =1      {
 109      =1              
 110      =1      }
 111      =1   
 112      =1  }
 113      =1  //-------->>>>>>>>--------注意事项：EC11旋转编码器的扫描时间间隔控制在1~4ms之间，
             -则5ms及以上的扫描时间在快速旋转时可能会误判旋转方向--------<<<<<<<<--------//
 114      =1  void T0_ISR() interrupt 1
 115      =1  {
 116      =1      static int tmp =0;
 117      =1      Encoder_EC11_Analyze(Encoder_EC11_Scan());
 118      =1      if(P33 == 0)
 119      =1      {
 120      =1          tmp ++;
 121      =1          if(tmp == 500)
 122      =1          {
 123      =1              tmp =0;
 124      =1              P27 = !P27;
 125      =1          }
 126      =1      }   
 127      =1  }
 128      =1  ********/
 129      =1   
   4          #include <STC89C5xRC.H>
   1      =1  #ifndef __STC89C5xRC_H__
 234      =1  
   5          #include "adc0832.h"
   1      =1  #ifndef __adc0832_h_
   2      =1  #define __adc0832_h_
   3      =1  
   4      =1  #include <STC89C5xRC.H>
   1      =2  #ifndef __STC89C5xRC_H__
 234      =2  
   5      =1  
C51 COMPILER V9.54   MAIN                                                                  10/26/2022 17:10:19 PAGE 28  

   6      =1  sbit CS_0832 = P1^3;  //ʹܶ
   7      =1  sbit CLK_0832 = P3^5;//ʱӽӿ
   8      =1  sbit DO_0832 = P1^5;    // DIDOͬʱЧɹһӿ
   9      =1  sbit DI_0832 = P1^4;  //ͨѡ
  10      =1  
  11      =1  unsigned char read0832();
  12      =1  
  13      =1  #endif
   6          #include "bin.h"
   1      =1  #ifndef _BIN_H_
   2      =1  #define _BIN_H_
   3      =1  int BIN(bit a,bit b,bit c,bit d,bit e,bit f,bit g,bit h);
   4      =1  #endif
   5      =1  
   6      =1  
   7      =1  
   8      =1  
   9      =1  
   7          #define Smg_IO P2
   8          
   9          /**************ַ********************/
  10          code unsigned char smg_ca[14] = { //
  11              0xc0, 0xf9, 0xa4, 0xb0, 0x99, 0x92, 0x82, 0xf8, 0x80, 0x90, 0xff, 0xc6, 0x8c, 0x88};
  12          code unsigned char smg_ck[16] = { //
  13              0x3f, 0x06, 0x5b, 0x4f, 0x66, 0x6d, 0x7d, 0x07, 0x7f, 0x6f, 0x77, 0x7c, 0x39, 0x5e, 0x79, 0x71};
  14          code unsigned char smgdot_ca[10] = { //
  15              0x40, 0x79, 0x24, 0x30, 0x19, 0x12, 0x02, 0x78, 0x00, 0x10};
  16          //---------------IO-----------------//
  17          sbit Volt_Pwm = P1 ^ 6;
  18          sbit A0 = P4 ^ 0;
  19          sbit A1 = P4 ^ 1;
  20          sbit A2 = P4 ^ 2;
  21          //------------------------------//
  22           int Volt_Time = 500;   //1000us
  23           int Volt_OutPut = 500; //Ŀѹ
  24          unsigned int Volt_Chek;         //ѹ
  25          
  26          unsigned int output;
  27          float chek;
  28          long int change;
  29          /*********************/
  30          float SetVoltage;    //趨ֵ
  31          float ActualVoltage; //ʵֵ
  32          float err;           //ƫֵ
  33          float err_last;      //һƫֵ
  34          float Kp, Ki, Kd;    //֡΢ϵ
  35          float result;        // pid
  36          float voltage;       //ѹִֵı0-5vת 5-10vת
  37          float integral;      //ֵ
  38          /**********************************/
  39          void Smg_Show(unsigned int Temp, unsigned int Temp1);
  40          
  41          
  42          void Delay500us() //@12.000MHz
  43          {
  44   1          unsigned char i;
  45   1      
  46   1          _nop_();
  47   1          i = 247;
  48   1          while (--i)
  49   1              ;
  50   1      }
C51 COMPILER V9.54   MAIN                                                                  10/26/2022 17:10:19 PAGE 29  

  51          /***********************************************************
  52          *     ƣInitTimer0()
  53          *     ܣѹ
  54          * ڲ
  55          * ڲ
  56          * ˵    12M12ƵԼÿһ1΢
  57                      ΪʱTH0TL0Ҫȫ0xFFڼ1ͻжϣҪ
  58                      xжϣôTH0TL0Ӧøֵ0xFFFF-x ֵʼʱж
  59          /**********************************************************/
  60          void InitTimer0(void) // 1us
  61          {
  62   1      
  63   1          TMOD &= 0xF0; //öʱģʽ
  64   1          TMOD |= 0x01; //öʱģʽ
  65   1          TL0 = 0xE0;   //öʱֵ
  66   1          TH0 = 0xB1;   //öʱֵ
  67   1          TF0 = 0;      //TF0־
  68   1          TR0 = 1;      //ʱ0ʼʱ
  69   1          ET0 = 1;      //ʱ0ж
  70   1          EA = 1;       //ж
  71   1      }
  72          void Volt_Init() //ʱʼ
  73          {
  74   1          InitTimer0();
  75   1      }
  76          
  77          /***********************************************************
  78          *     ƣTimer0Value(uint16 pwm)
  79          *     ܣʱ0ֵʱж
  80          * ڲpwm
  81          * ڲ
  82          * ˵    12M12ƵԼÿһ1΢
  83                      ΪʱTH0TL0Ҫȫ0xFFڼ1ͻжϣҪ
  84                      pwmжϣôTH0TL0Ӧøֵ0xFFFF-pwm ֵʼʱж
  85          /**********************************************************/
  86          void Timer0Value(unsigned int pwm)
  87          {
  88   1          unsigned int value;
  89   1          value = 0xffff - pwm;
  90   1          TR0 = 0;
  91   1          TL0 = value;      // 16λݸ8λݸֵĬϽ16λݵĵͰλֱӸλ
  92   1          TH0 = value >> 8; //16λ8λҲǽ8λƵͰλٸֵ8λ
  93   1          TR0 = 1;
  94   1      }
  95          
  96          /***********************************************************
  97          *     ƣ Timer0_isr() interrupt 1 using 1
  98          *     ܣ ʱ0жϴ
  99          * ڲ 
 100          * ڲ 
 101          * ˵    
 102          /**********************************************************/
 103          void Timer0_isr(void) interrupt 1 using 1
 104          {
 105   1          static unsigned char i = 1; //̬ÿεúʱһֵ
 106   1          //ȫֱƣֻͬڴ˺ڲ
 107   1          switch (i)
 108   1          {
 109   2          case 1:
 110   2              Volt_Pwm = 0; // PWMƽŸߵƽ
 111   2              //ʱ0ֵPwm0Dutyжϣ´жϻһcase
 112   2              Timer0Value(Volt_Time);
C51 COMPILER V9.54   MAIN                                                                  10/26/2022 17:10:19 PAGE 30  

 113   2              break;
 114   2          case 2:
 115   2              Volt_Pwm = 1; // PWMƽŵ͵ƽ
 116   2              //ʣµʱ(20000-Pwm0Duty)ȫǵ͵ƽˣPwm0Duty + (20000-Pwm0Duty) = 20000
             -Ϊһ20
 117   2              Timer0Value(1200 - Volt_Time);
 118   2              i = 0;
 119   2              break;
 120   2          }
 121   1          i++;
 122   1      }
 123          
 124          //ʱ
 125          
 126          /***********************************************************
 127          *     ƣTimer1Init
 128          *     ܣʼ
 129          * ڲ
 130          * ڲ
 131          * ˵    2msһ
 132          /**********************************************************/
 133          void Timer1Init(void) // 4@12.000MHz
 134          {
 135   1          // TMOD &= 0x0F; //öʱģʽ
 136   1          // TMOD |= 0x10; //öʱģʽ
 137   1          AUXR &= 0xBF; //ʱʱ12Tģʽ
 138   1          TMOD &= 0x0F; //öʱģʽ
 139   1          TL1 = 0x24;   //öʱʼֵ
 140   1          TH1 = 0xFA;   //öʱʼֵ
 141   1          TF1 = 0;      //TF1־
 142   1          TR1 = 1;      //ʱ1ʼʱ
 143   1          ET1 = 1;      //ʱ1ж
 144   1          EA = 1;       //ж
 145   1      }
 146          void EC11_Init(void) // EC11ʼ
 147          {
 148   1          Timer1Init();
 149   1          Encoder_EC11_Init(0);
 150   1      }
 151          /********************************************************
 152          *     ƣ Timer1_isr() interrupt 3 using 3
 153          *     ܣ ʱ0жϴ
 154          * ڲ 
 155          * ڲ 
 156          * ˵     
 157          /**********************************************************/
 158          
 159          void Timer1_isr(void) interrupt 3 using 3
 160          {
 161   1          Encoder_EC11_Analyze(Encoder_EC11_Scan());
 162   1      }
 163          
 164          void Smg_Show(unsigned int Temp, unsigned int Temp1)
 165          {
 166   1      
 167   1          A0 = 0;
 168   1          A1 = 0;
 169   1          A2 = 0;
 170   1          Smg_IO = smg_ca[(Temp / 1000) % 10];
 171   1          Delay500us();
 172   1          Smg_IO = 0xff;
 173   1      
C51 COMPILER V9.54   MAIN                                                                  10/26/2022 17:10:19 PAGE 31  

 174   1          A0 = 1;
 175   1          A1 = 0;
 176   1          A2 = 0;
 177   1          Smg_IO = smgdot_ca[(Temp / 100) % 10];
 178   1          Delay500us();
 179   1          Smg_IO = 0xff;
 180   1      
 181   1          A0 = 0;
 182   1          A1 = 1;
 183   1          A2 = 0;
 184   1          Smg_IO = smg_ca[(Temp / 10) % 10];
 185   1          Delay500us();
 186   1          Smg_IO = 0xff;
 187   1      
 188   1          A0 = 1;
 189   1          A1 = 1;
 190   1          A2 = 0;
 191   1          Smg_IO = smg_ca[(Temp) % 10];
 192   1          Delay500us();
 193   1          Smg_IO = 0xff;
 194   1      
 195   1          //ѹʾ
 196   1          A0 = 0;
 197   1          A1 = 0;
 198   1          A2 = 1;
 199   1          Smg_IO = smg_ca[(Temp1 / 1000) % 10];
 200   1          Delay500us();
 201   1          Smg_IO = 0xff;
 202   1      
 203   1          A0 = 1;
 204   1          A1 = 0;
 205   1          A2 = 1;
 206   1          Smg_IO = smgdot_ca[(Temp1 / 100) % 10];
 207   1          Delay500us();
 208   1          Smg_IO = 0xff;
 209   1      
 210   1          A0 = 0;
 211   1          A1 = 1;
 212   1          A2 = 1;
 213   1          Smg_IO = smg_ca[(Temp1 / 10) % 10];
 214   1          Delay500us();
 215   1          Smg_IO = 0xff;
 216   1      
 217   1          A0 = 1;
 218   1          A1 = 1;
 219   1          A2 = 1;
 220   1          Smg_IO = smg_ca[(Temp1) % 10];
 221   1          Delay500us();
 222   1          Smg_IO = 0xff;
 223   1      }
 224          void Step()
 225          {
 226   1          if ((output) > chek) // output>chek
 227   1          {
 228   2              if (((chek - output) < -1) || ((chek - output) > 1))
 229   2              {
 230   3      
 231   3                  if (Volt_Time >= 1200)
 232   3                  {
 233   4                      Volt_Time = 1200;
 234   4                  }
 235   3                  else
C51 COMPILER V9.54   MAIN                                                                  10/26/2022 17:10:19 PAGE 32  

 236   3                  {
 237   4                      Volt_Time++;
 238   4                  }
 239   3              }
 240   2          }
 241   1          else
 242   1          {
 243   2              if (((chek - output) < -1) || ((chek - output) > 1))
 244   2              {
 245   3      
 246   3                  if (Volt_Time <= 10)
 247   3                  {
 248   4                      Volt_Time = 10;
 249   4                  }
 250   3                  else
 251   3                  {
 252   4                      Volt_Time--;
 253   4                  }
 254   3              }
 255   2          }
 256   1      }
 257          /*********
 258           ƣvoid PID_Init()
 259           ܣPIDʼ
 260           ********/
 261          void PID_Init()
 262          {
 263   1          SetVoltage = 0.0;    // 趨Ԥڵѹֵ
 264   1          ActualVoltage = 0.0; // adcʵʵѹֵ
 265   1          err = 0.0;           // ǰʵƫ
 266   1          err_last = 0.0;      // һεƫ
 267   1          voltage = 0.0;       // Ƶѹֵ
 268   1          integral = 0.0;      // ֵ
 269   1          Kp = 0.5;           // ϵ
 270   1          Ki = 0.000001;       // ϵ
 271   1          Kd = 0.001;          // ΢ϵ
 272   1      }
 273          float PID_realize(float v, float v_r)
 274          {
 275   1          SetVoltage = v;                                            // ̶ѹֵ
 276   1          ActualVoltage = v_r;                                       // ʵʵѹ = ADC_Value * 3.3f/ 4096
 277   1          err = SetVoltage - ActualVoltage;                          //ƫ
 278   1          integral += err;                                           //
 279   1          result = Kp * err + Ki * integral + Kd * (err - err_last); //λʽʽ
 280   1          err_last = err;                                            //סһ
 281   1          return result;
 282   1      }
 283          void limit()
 284          {
 285   1          if (Volt_OutPut >= 900)
 286   1          {
 287   2              Volt_OutPut = 900;
 288   2          }
 289   1          if (Volt_OutPut <= 0)
 290   1          {
 291   2              Volt_OutPut = 0;
 292   2          }
 293   1          if (Volt_Time >= 1200)
 294   1          {
 295   2              Volt_Time = 1200;
 296   2          }
 297   1          if (Volt_Time <= 0)
C51 COMPILER V9.54   MAIN                                                                  10/26/2022 17:10:19 PAGE 33  

 298   1          {
 299   2              Volt_Time = 0;
 300   2          }
 301   1      }
 302          float x;
 303          void main()
 304          {
 305   1      
 306   1          Volt_Init();
 307   1          EC11_Init();
 308   1          PID_Init();
 309   1          while (1)
 310   1          {
 311   2              Volt_Chek = read0832();
 312   2              chek = (Volt_Chek * 1.96);
 313   2              output = (Volt_OutPut / 2);
 314   2              x=Volt_Chek * 3.92;
 315   2              Smg_Show(Volt_OutPut,x);
 316   2              //change = PID_realize(Volt_OutPut,  x);
 317   2              //Volt_Time += change;
 318   2              Step();
 319   2              limit();
 320   2          }
 321   1      }


MODULE INFORMATION:   STATIC OVERLAYABLE
   CODE SIZE        =   1063    ----
   CONSTANT SIZE    =     40    ----
   XDATA SIZE       =   ----    ----
   PDATA SIZE       =   ----    ----
   DATA SIZE        =     72      10
   IDATA SIZE       =   ----    ----
   BIT SIZE         =   ----    ----
END OF MODULE INFORMATION.


C51 COMPILATION COMPLETE.  0 WARNING(S),  0 ERROR(S)
